2020-06-02 15:13:25 [scrapy.core.scraper] ERROR: Spider error processing <GET https://www.qcc.com/firm_62J8BIU.shtml#base> (referer: https://www.qcc.com/search?key=%E5%9B%BD%E7%94%B5%E5%8D%97%E7%91%9E%E7%A7%91%E6%8A%80%E8%82%A1%E4%BB%BD%E6%9C%89%E9%99%90%E5%85%AC%E5%8F%B8)
Traceback (most recent call last):
  File "C:\Users\Administrator\Envs\myscrapy_py3\lib\site-packages\twisted\internet\defer.py", line 654, in _runCallbacks
    current.result = callback(current.result, *args, **kw)
  File "D:\杨\qccscrapy\qichacha\qichacha\spiders\qcc.py", line 143, in gd_parse
    items = self.fzNewInfo(response)
  File "D:\杨\qccscrapy\qichacha\qichacha\spiders\qcc.py", line 200, in fzNewInfo
    if '认缴出资额' in title4:
TypeError: argument of type 'NoneType' is not iterable
2020-06-02 15:17:25 [scrapy.core.scraper] ERROR: Spider error processing <GET https://www.qcc.com/firm_55MLLD4.shtml#base> (referer: https://www.qcc.com/search?key=%E4%B8%8A%E6%B5%B7%E6%B0%B8%E9%94%A6%E7%94%B5%E6%B0%94%E6%8A%80%E6%9C%AF%E8%82%A1%E4%BB%BD%E6%9C%89%E9%99%90%E5%85%AC%E5%8F%B8)
Traceback (most recent call last):
  File "C:\Users\Administrator\Envs\myscrapy_py3\lib\site-packages\twisted\internet\defer.py", line 654, in _runCallbacks
    current.result = callback(current.result, *args, **kw)
  File "D:\杨\qccscrapy\qichacha\qichacha\spiders\qcc.py", line 143, in gd_parse
    items = self.fzNewInfo(response)
  File "D:\杨\qccscrapy\qichacha\qichacha\spiders\qcc.py", line 200, in fzNewInfo
    if '认缴出资额' in title4:
TypeError: argument of type 'NoneType' is not iterable
2020-06-02 15:17:45 [root] WARNING: 广西送变电建设有限责任公司铁塔厂    没有股东信息
2020-06-02 15:24:31 [scrapy.core.scraper] ERROR: Spider error processing <GET https://www.qcc.com/firm_495HOGL.shtml#base> (referer: https://www.qcc.com/search?key=%E5%8C%97%E4%BA%AC%E7%A7%91%E9%94%90%E9%85%8D%E7%94%B5%E8%87%AA%E5%8A%A8%E5%8C%96%E8%82%A1%E4%BB%BD%E6%9C%89%E9%99%90%E5%85%AC%E5%8F%B8)
Traceback (most recent call last):
  File "C:\Users\Administrator\Envs\myscrapy_py3\lib\site-packages\twisted\internet\defer.py", line 654, in _runCallbacks
    current.result = callback(current.result, *args, **kw)
  File "D:\杨\qccscrapy\qichacha\qichacha\spiders\qcc.py", line 143, in gd_parse
    items = self.fzNewInfo(response)
  File "D:\杨\qccscrapy\qichacha\qichacha\spiders\qcc.py", line 200, in fzNewInfo
    if '认缴出资额' in title4:
TypeError: argument of type 'NoneType' is not iterable
2020-06-02 15:28:46 [root] WARNING: 特变电工股份有限公司新疆变压器厂    没有股东信息
2020-06-02 15:35:51 [scrapy.core.scraper] ERROR: Spider error processing <GET https://www.qcc.com/firm_87KVTF1.shtml#base> (referer: https://www.qcc.com/search?key=%E6%B2%B3%E5%8D%97%E6%A3%AE%E6%BA%90%E7%94%B5%E6%B0%94%E8%82%A1%E4%BB%BD%E6%9C%89%E9%99%90%E5%85%AC%E5%8F%B8)
Traceback (most recent call last):
  File "C:\Users\Administrator\Envs\myscrapy_py3\lib\site-packages\twisted\internet\defer.py", line 654, in _runCallbacks
    current.result = callback(current.result, *args, **kw)
  File "D:\杨\qccscrapy\qichacha\qichacha\spiders\qcc.py", line 143, in gd_parse
    items = self.fzNewInfo(response)
  File "D:\杨\qccscrapy\qichacha\qichacha\spiders\qcc.py", line 200, in fzNewInfo
    if '认缴出资额' in title4:
TypeError: argument of type 'NoneType' is not iterable
2020-06-02 15:54:39 [root] WARNING: 特变电工股份有限公司新疆线缆厂    没有股东信息
2020-06-02 16:05:33 [scrapy.core.scraper] ERROR: Spider error processing <GET https://www.qcc.com/firm_99T5I02.shtml#base> (referer: https://www.qcc.com/search?key=%E5%AE%9D%E8%83%9C%E7%A7%91%E6%8A%80%E5%88%9B%E6%96%B0%E8%82%A1%E4%BB%BD%E6%9C%89%E9%99%90%E5%85%AC%E5%8F%B8)
Traceback (most recent call last):
  File "C:\Users\Administrator\Envs\myscrapy_py3\lib\site-packages\twisted\internet\defer.py", line 654, in _runCallbacks
    current.result = callback(current.result, *args, **kw)
  File "D:\杨\qccscrapy\qichacha\qichacha\spiders\qcc.py", line 143, in gd_parse
    items = self.fzNewInfo(response)
  File "D:\杨\qccscrapy\qichacha\qichacha\spiders\qcc.py", line 200, in fzNewInfo
    if '认缴出资额' in title4:
TypeError: argument of type 'NoneType' is not iterable
2020-06-02 16:13:23 [scrapy.core.scraper] ERROR: Spider error processing <GET https://www.qcc.com/firm_82SPAXF.shtml#base> (referer: https://www.qcc.com/search?key=%E5%B1%B1%E4%B8%9C%E5%B1%B1%E5%A4%A7%E7%94%B5%E5%8A%9B%E6%8A%80%E6%9C%AF%E8%82%A1%E4%BB%BD%E6%9C%89%E9%99%90%E5%85%AC%E5%8F%B8)
Traceback (most recent call last):
  File "C:\Users\Administrator\Envs\myscrapy_py3\lib\site-packages\twisted\internet\defer.py", line 654, in _runCallbacks
    current.result = callback(current.result, *args, **kw)
  File "D:\杨\qccscrapy\qichacha\qichacha\spiders\qcc.py", line 143, in gd_parse
    items = self.fzNewInfo(response)
  File "D:\杨\qccscrapy\qichacha\qichacha\spiders\qcc.py", line 200, in fzNewInfo
    if '认缴出资额' in title4:
TypeError: argument of type 'NoneType' is not iterable
2020-06-02 16:23:57 [root] WARNING: 湖北华中输变电有限公司铁塔分公司    没有股东信息
2020-06-02 16:43:14 [root] WARNING: 北京送变电公司线路器材厂    没有股东信息
2020-06-02 17:16:24 [root] WARNING: 广西送变电建设有限责任公司铁塔厂    没有股东信息
2020-06-02 17:27:10 [root] WARNING: 特变电工股份有限公司新疆变压器厂    没有股东信息
2020-06-02 17:52:38 [root] WARNING: 特变电工股份有限公司新疆线缆厂    没有股东信息
2020-06-02 23:21:07 [root] WARNING: 11111111111111
2020-06-02 23:21:15 [root] WARNING: 11111111111111
2020-06-02 23:21:29 [root] WARNING: 11111111111111
2020-06-02 23:21:50 [root] WARNING: 11111111111111
2020-06-02 23:22:05 [root] WARNING: 11111111111111
2020-06-02 23:22:25 [root] WARNING: 11111111111111
2020-06-02 23:22:40 [root] WARNING: 11111111111111
2020-06-02 23:22:51 [root] WARNING: 11111111111111
2020-06-02 23:23:02 [root] WARNING: 11111111111111
2020-06-02 23:23:13 [root] WARNING: 11111111111111
2020-06-02 23:23:21 [root] WARNING: 11111111111111
2020-06-02 23:23:34 [root] WARNING: 11111111111111
2020-06-02 23:23:44 [root] WARNING: 11111111111111
2020-06-02 23:23:56 [root] WARNING: 11111111111111
2020-06-02 23:24:11 [root] WARNING: 11111111111111
2020-06-02 23:24:22 [root] WARNING: 11111111111111
2020-06-02 23:24:34 [root] WARNING: 11111111111111
2020-06-02 23:24:56 [root] WARNING: 11111111111111
2020-06-02 23:25:15 [root] WARNING: 11111111111111
2020-06-02 23:25:31 [root] WARNING: 11111111111111
2020-06-02 23:25:51 [root] WARNING: 11111111111111
2020-06-02 23:26:06 [root] WARNING: 11111111111111
2020-06-02 23:26:28 [root] WARNING: 11111111111111
2020-06-02 23:26:42 [root] WARNING: 11111111111111
2020-06-02 23:26:51 [root] WARNING: 11111111111111
2020-06-02 23:27:01 [root] WARNING: 11111111111111
2020-06-02 23:27:11 [root] WARNING: 11111111111111
2020-06-02 23:27:21 [root] WARNING: 11111111111111
2020-06-02 23:27:36 [root] WARNING: 11111111111111
2020-06-02 23:27:47 [root] WARNING: 11111111111111
2020-06-02 23:27:57 [root] WARNING: 11111111111111
2020-06-02 23:28:13 [root] WARNING: 11111111111111
2020-06-02 23:28:24 [root] WARNING: 11111111111111
2020-06-02 23:28:35 [root] WARNING: 11111111111111
2020-06-02 23:28:56 [root] WARNING: 11111111111111
2020-06-02 23:29:18 [root] WARNING: 11111111111111
2020-06-02 23:29:33 [root] WARNING: 11111111111111
2020-06-02 23:29:51 [root] WARNING: 11111111111111
2020-06-02 23:30:06 [root] WARNING: 11111111111111
2020-06-02 23:30:26 [root] WARNING: 11111111111111
2020-06-02 23:30:41 [root] WARNING: 11111111111111
2020-06-02 23:30:51 [root] WARNING: 11111111111111
2020-06-02 23:31:01 [root] WARNING: 11111111111111
2020-06-02 23:31:10 [root] WARNING: 11111111111111
2020-06-02 23:31:22 [root] WARNING: 11111111111111
2020-06-02 23:31:36 [root] WARNING: 11111111111111
2020-06-02 23:31:40 [root] WARNING: 11111111111111
2020-06-02 23:31:52 [root] WARNING: 11111111111111
2020-06-02 23:32:04 [root] WARNING: 11111111111111
2020-06-02 23:32:15 [root] WARNING: 11111111111111
2020-06-02 23:32:26 [root] WARNING: 11111111111111
2020-06-02 23:32:48 [root] WARNING: 11111111111111
2020-06-02 23:33:09 [root] WARNING: 11111111111111
2020-06-02 23:33:26 [root] WARNING: 11111111111111
2020-06-02 23:33:47 [root] WARNING: 11111111111111
2020-06-02 23:34:01 [root] WARNING: 11111111111111
2020-06-02 23:34:15 [root] WARNING: 11111111111111
2020-06-02 23:34:31 [root] WARNING: 11111111111111
2020-06-02 23:34:40 [root] WARNING: 11111111111111
2020-06-02 23:34:52 [root] WARNING: 11111111111111
2020-06-02 23:35:02 [root] WARNING: 11111111111111
2020-06-02 23:35:13 [root] WARNING: 11111111111111
2020-06-02 23:35:29 [root] WARNING: 11111111111111
2020-06-02 23:35:37 [root] WARNING: 11111111111111
2020-06-02 23:35:37 [root] WARNING: 广西送变电建设有限责任公司铁塔厂    没有股东信息
2020-06-02 23:35:48 [root] WARNING: 11111111111111
2020-06-02 23:36:04 [root] WARNING: 11111111111111
2020-06-02 23:36:15 [root] WARNING: 11111111111111
2020-06-02 23:36:26 [root] WARNING: 11111111111111
2020-06-02 23:36:47 [root] WARNING: 11111111111111
2020-06-02 23:37:10 [root] WARNING: 11111111111111
2020-06-02 23:37:24 [root] WARNING: 11111111111111
2020-06-02 23:37:45 [root] WARNING: 11111111111111
2020-06-02 23:37:58 [root] WARNING: 11111111111111
2020-06-02 23:38:20 [root] WARNING: 11111111111111
2020-06-02 23:38:36 [root] WARNING: 11111111111111
2020-06-02 23:38:46 [root] WARNING: 11111111111111
2020-06-02 23:38:57 [root] WARNING: 11111111111111
2020-06-02 23:39:08 [root] WARNING: 11111111111111
2020-06-02 23:39:18 [root] WARNING: 11111111111111
2020-06-02 23:39:31 [root] WARNING: 11111111111111
2020-06-02 23:39:40 [root] WARNING: 11111111111111
2020-06-02 23:39:51 [root] WARNING: 11111111111111
2020-06-02 23:40:05 [root] WARNING: 11111111111111
2020-06-02 23:40:12 [root] WARNING: 11111111111111
2020-06-02 23:40:22 [root] WARNING: 11111111111111
2020-06-02 23:40:42 [root] WARNING: 11111111111111
2020-06-02 23:41:00 [root] WARNING: 11111111111111
2020-06-02 23:41:13 [root] WARNING: 11111111111111
2020-06-02 23:41:32 [root] WARNING: 11111111111111
2020-06-02 23:41:48 [root] WARNING: 11111111111111
2020-06-02 23:42:10 [root] WARNING: 11111111111111
2020-06-02 23:42:25 [root] WARNING: 11111111111111
2020-06-02 23:42:33 [root] WARNING: 11111111111111
2020-06-02 23:42:42 [root] WARNING: 11111111111111
2020-06-02 23:42:49 [root] WARNING: 11111111111111
2020-06-02 23:43:00 [root] WARNING: 11111111111111
2020-06-02 23:43:16 [root] WARNING: 11111111111111
2020-06-02 23:43:26 [root] WARNING: 11111111111111
2020-06-02 23:43:38 [root] WARNING: 11111111111111
2020-06-02 23:43:53 [root] WARNING: 11111111111111
2020-06-02 23:44:02 [root] WARNING: 11111111111111
2020-06-02 23:44:12 [root] WARNING: 11111111111111
2020-06-02 23:44:30 [root] WARNING: 11111111111111
2020-06-02 23:44:47 [root] WARNING: 11111111111111
2020-06-02 23:45:02 [root] WARNING: 11111111111111
2020-06-02 23:45:18 [root] WARNING: 11111111111111
2020-06-02 23:45:34 [root] WARNING: 11111111111111
2020-06-02 23:45:56 [root] WARNING: 11111111111111
2020-06-02 23:46:12 [root] WARNING: 11111111111111
2020-06-02 23:46:23 [root] WARNING: 11111111111111
2020-06-02 23:46:34 [root] WARNING: 11111111111111
2020-06-02 23:46:45 [root] WARNING: 11111111111111
2020-06-02 23:46:45 [root] WARNING: 特变电工股份有限公司新疆变压器厂    没有股东信息
2020-06-02 23:46:57 [root] WARNING: 11111111111111
2020-06-02 23:47:11 [root] WARNING: 11111111111111
2020-06-02 23:47:18 [root] WARNING: 11111111111111
2020-06-02 23:47:30 [root] WARNING: 11111111111111
2020-06-02 23:47:44 [root] WARNING: 11111111111111
2020-06-02 23:47:53 [root] WARNING: 11111111111111
2020-06-02 23:48:03 [root] WARNING: 11111111111111
2020-06-02 23:48:21 [root] WARNING: 11111111111111
2020-06-02 23:48:41 [root] WARNING: 11111111111111
2020-06-02 23:48:56 [root] WARNING: 11111111111111
2020-06-02 23:49:14 [root] WARNING: 11111111111111
2020-06-02 23:49:30 [root] WARNING: 11111111111111
2020-06-02 23:49:47 [root] WARNING: 11111111111111
2020-06-02 23:50:00 [root] WARNING: 11111111111111
2020-06-02 23:50:10 [root] WARNING: 11111111111111
2020-06-02 23:50:22 [root] WARNING: 11111111111111
2020-06-02 23:50:32 [root] WARNING: 11111111111111
2020-06-02 23:50:42 [root] WARNING: 11111111111111
2020-06-02 23:50:57 [root] WARNING: 11111111111111
2020-06-02 23:51:04 [root] WARNING: 11111111111111
2020-06-02 23:51:15 [root] WARNING: 11111111111111
2020-06-02 23:51:30 [root] WARNING: 11111111111111
2020-06-02 23:51:41 [root] WARNING: 11111111111111
2020-06-02 23:51:53 [root] WARNING: 11111111111111
2020-06-02 23:52:15 [root] WARNING: 11111111111111
2020-06-02 23:52:34 [root] WARNING: 11111111111111
2020-06-02 23:52:47 [root] WARNING: 11111111111111
2020-06-02 23:53:08 [root] WARNING: 11111111111111
2020-06-02 23:53:19 [root] WARNING: 11111111111111
2020-06-02 23:53:38 [root] WARNING: 11111111111111
2020-06-02 23:53:49 [root] WARNING: 11111111111111
2020-06-02 23:53:57 [root] WARNING: 11111111111111
2020-06-02 23:54:08 [root] WARNING: 11111111111111
2020-06-02 23:54:20 [root] WARNING: 11111111111111
2020-06-02 23:54:31 [root] WARNING: 11111111111111
2020-06-02 23:54:45 [root] WARNING: 11111111111111
2020-06-02 23:54:56 [root] WARNING: 11111111111111
2020-06-02 23:55:09 [root] WARNING: 11111111111111
2020-06-02 23:55:23 [root] WARNING: 11111111111111
2020-06-02 23:55:35 [root] WARNING: 11111111111111
2020-06-02 23:55:45 [root] WARNING: 11111111111111
2020-06-02 23:56:06 [root] WARNING: 11111111111111
2020-06-02 23:56:25 [root] WARNING: 11111111111111
2020-06-02 23:56:41 [root] WARNING: 11111111111111
2020-06-02 23:57:01 [root] WARNING: 11111111111111
2020-06-02 23:57:15 [root] WARNING: 11111111111111
2020-06-02 23:57:35 [root] WARNING: 11111111111111
2020-06-02 23:57:52 [root] WARNING: 11111111111111
2020-06-02 23:58:00 [root] WARNING: 11111111111111
2020-06-02 23:58:11 [root] WARNING: 11111111111111
2020-06-02 23:58:17 [root] WARNING: 11111111111111
2020-06-02 23:58:27 [root] WARNING: 11111111111111
2020-06-02 23:58:42 [root] WARNING: 11111111111111
2020-06-02 23:58:48 [root] WARNING: 11111111111111
2020-06-02 23:59:00 [root] WARNING: 11111111111111
2020-06-02 23:59:15 [root] WARNING: 11111111111111
2020-06-02 23:59:26 [root] WARNING: 11111111111111
2020-06-02 23:59:37 [root] WARNING: 11111111111111
2020-06-02 23:59:56 [root] WARNING: 11111111111111
2020-06-03 00:00:18 [root] WARNING: 11111111111111
2020-06-03 00:00:32 [root] WARNING: 11111111111111
2020-06-03 00:00:55 [root] WARNING: 11111111111111
2020-06-03 00:01:11 [root] WARNING: 11111111111111
2020-06-03 00:01:33 [root] WARNING: 11111111111111
2020-06-03 00:01:49 [root] WARNING: 11111111111111
2020-06-03 00:02:00 [root] WARNING: 11111111111111
2020-06-03 00:02:11 [root] WARNING: 11111111111111
2020-06-03 00:02:22 [root] WARNING: 11111111111111
2020-06-03 00:02:34 [root] WARNING: 11111111111111
2020-06-03 00:02:50 [root] WARNING: 11111111111111
2020-06-03 00:03:01 [root] WARNING: 11111111111111
2020-06-03 00:03:13 [root] WARNING: 11111111111111
2020-06-03 00:03:25 [root] WARNING: 11111111111111
2020-06-03 00:03:32 [root] WARNING: 11111111111111
2020-06-03 00:03:44 [root] WARNING: 11111111111111
2020-06-03 00:04:01 [root] WARNING: 11111111111111
2020-06-03 00:04:20 [root] WARNING: 11111111111111
2020-06-03 00:04:34 [root] WARNING: 11111111111111
2020-06-03 00:04:55 [root] WARNING: 11111111111111
2020-06-03 00:05:09 [root] WARNING: 11111111111111
2020-06-03 00:05:29 [root] WARNING: 11111111111111
2020-06-03 00:05:42 [root] WARNING: 11111111111111
2020-06-03 00:05:53 [root] WARNING: 11111111111111
2020-06-03 00:06:03 [root] WARNING: 11111111111111
2020-06-03 00:06:13 [root] WARNING: 11111111111111
2020-06-03 00:06:23 [root] WARNING: 11111111111111
2020-06-03 00:06:37 [root] WARNING: 11111111111111
2020-06-03 00:06:47 [root] WARNING: 11111111111111
2020-06-03 00:06:59 [root] WARNING: 11111111111111
2020-06-03 00:07:12 [root] WARNING: 11111111111111
2020-06-03 00:07:23 [root] WARNING: 11111111111111
2020-06-03 00:07:33 [root] WARNING: 11111111111111
2020-06-03 00:07:50 [root] WARNING: 11111111111111
2020-06-03 00:08:12 [root] WARNING: 11111111111111
2020-06-03 00:08:26 [root] WARNING: 11111111111111
2020-06-03 00:08:46 [root] WARNING: 11111111111111
2020-06-03 00:09:01 [root] WARNING: 11111111111111
2020-06-03 00:09:22 [root] WARNING: 11111111111111
2020-06-03 00:09:38 [root] WARNING: 11111111111111
2020-06-03 00:09:49 [root] WARNING: 11111111111111
2020-06-03 00:10:01 [root] WARNING: 11111111111111
2020-06-03 00:10:09 [root] WARNING: 11111111111111
2020-06-03 00:10:18 [root] WARNING: 11111111111111
2020-06-03 00:10:34 [root] WARNING: 11111111111111
2020-06-03 00:10:44 [root] WARNING: 11111111111111
2020-06-03 00:10:54 [root] WARNING: 11111111111111
2020-06-03 00:11:09 [root] WARNING: 11111111111111
2020-06-03 00:11:20 [root] WARNING: 11111111111111
2020-06-03 00:11:30 [root] WARNING: 11111111111111
2020-06-03 00:11:54 [root] WARNING: 11111111111111
2020-06-03 00:12:15 [root] WARNING: 11111111111111
2020-06-03 00:12:30 [root] WARNING: 11111111111111
2020-06-03 00:12:47 [root] WARNING: 11111111111111
2020-06-03 00:13:03 [root] WARNING: 11111111111111
2020-06-03 00:13:21 [root] WARNING: 11111111111111
2020-06-03 00:13:36 [root] WARNING: 11111111111111
2020-06-03 00:13:46 [root] WARNING: 11111111111111
2020-06-03 00:13:56 [root] WARNING: 11111111111111
2020-06-03 00:13:56 [root] WARNING: 特变电工股份有限公司新疆线缆厂    没有股东信息
2020-06-03 00:14:06 [root] WARNING: 11111111111111
2020-06-03 00:14:16 [root] WARNING: 11111111111111
2020-06-03 00:14:28 [root] WARNING: 11111111111111
2020-06-03 00:14:37 [root] WARNING: 11111111111111
2020-06-03 00:14:47 [root] WARNING: 11111111111111
2020-06-03 00:15:00 [root] WARNING: 11111111111111
2020-06-03 00:15:06 [root] WARNING: 11111111111111
2020-06-03 00:15:16 [root] WARNING: 11111111111111
2020-06-03 00:15:35 [root] WARNING: 11111111111111
2020-06-03 00:15:54 [root] WARNING: 11111111111111
2020-06-03 00:16:09 [root] WARNING: 11111111111111
2020-06-03 00:16:26 [root] WARNING: 11111111111111
2020-06-03 00:16:41 [root] WARNING: 11111111111111
2020-06-03 00:16:57 [root] WARNING: 11111111111111
2020-06-03 00:17:13 [root] WARNING: 11111111111111
2020-06-03 00:17:22 [root] WARNING: 11111111111111
2020-06-03 00:17:32 [root] WARNING: 11111111111111
2020-06-03 00:17:42 [root] WARNING: 11111111111111
2020-06-03 00:17:52 [root] WARNING: 11111111111111
2020-06-03 00:18:04 [root] WARNING: 11111111111111
2020-06-03 00:18:14 [root] WARNING: 11111111111111
2020-06-03 00:18:26 [root] WARNING: 11111111111111
2020-06-03 00:18:42 [root] WARNING: 11111111111111
2020-06-03 00:18:52 [root] WARNING: 11111111111111
2020-06-03 00:19:04 [root] WARNING: 11111111111111
2020-06-03 00:19:25 [root] WARNING: 11111111111111
2020-06-03 00:19:47 [root] WARNING: 11111111111111
2020-06-03 00:20:03 [root] WARNING: 11111111111111
2020-06-03 00:20:23 [root] WARNING: 11111111111111
2020-06-03 00:20:39 [root] WARNING: 11111111111111
2020-06-03 00:20:58 [root] WARNING: 11111111111111
2020-06-03 00:21:12 [root] WARNING: 11111111111111
2020-06-03 00:21:22 [root] WARNING: 11111111111111
2020-06-03 00:21:33 [root] WARNING: 11111111111111
2020-06-03 00:21:41 [root] WARNING: 11111111111111
2020-06-03 00:21:52 [root] WARNING: 11111111111111
2020-06-03 00:22:03 [root] WARNING: 11111111111111
2020-06-03 00:22:14 [root] WARNING: 11111111111111
2020-06-03 00:22:27 [root] WARNING: 11111111111111
2020-06-03 00:22:42 [root] WARNING: 11111111111111
2020-06-03 00:22:53 [root] WARNING: 11111111111111
2020-06-03 00:23:03 [root] WARNING: 11111111111111
2020-06-03 00:23:22 [root] WARNING: 11111111111111
2020-06-03 00:23:42 [root] WARNING: 11111111111111
2020-06-03 00:23:59 [root] WARNING: 11111111111111
2020-06-03 00:24:21 [root] WARNING: 11111111111111
2020-06-03 00:24:37 [root] WARNING: 11111111111111
2020-06-03 00:24:57 [root] WARNING: 11111111111111
2020-06-03 00:25:12 [root] WARNING: 11111111111111
2020-06-03 00:25:22 [root] WARNING: 11111111111111
2020-06-03 00:25:34 [root] WARNING: 11111111111111
2020-06-03 00:25:45 [root] WARNING: 11111111111111
2020-06-03 00:25:56 [root] WARNING: 11111111111111
2020-06-03 00:26:10 [root] WARNING: 11111111111111
2020-06-03 00:26:16 [root] WARNING: 11111111111111
2020-06-03 00:26:27 [root] WARNING: 11111111111111
2020-06-03 00:26:36 [root] WARNING: 11111111111111
2020-06-03 00:26:44 [root] WARNING: 11111111111111
2020-06-03 00:26:55 [root] WARNING: 11111111111111
2020-06-03 00:27:15 [root] WARNING: 11111111111111
2020-06-03 00:27:36 [root] WARNING: 11111111111111
2020-06-03 00:27:51 [root] WARNING: 11111111111111
2020-06-03 00:28:12 [root] WARNING: 11111111111111
2020-06-03 00:28:24 [root] WARNING: 11111111111111
2020-06-03 00:28:44 [root] WARNING: 11111111111111
2020-06-03 00:28:59 [root] WARNING: 11111111111111
2020-06-03 00:29:10 [root] WARNING: 11111111111111
2020-06-03 00:29:20 [root] WARNING: 11111111111111
2020-06-03 00:29:29 [root] WARNING: 11111111111111
2020-06-03 00:29:41 [root] WARNING: 11111111111111
2020-06-03 00:29:58 [root] WARNING: 11111111111111
2020-06-03 00:30:06 [root] WARNING: 11111111111111
2020-06-03 00:30:16 [root] WARNING: 11111111111111
2020-06-03 00:30:30 [root] WARNING: 11111111111111
2020-06-03 00:30:40 [root] WARNING: 11111111111111
2020-06-03 00:30:49 [root] WARNING: 11111111111111
2020-06-03 00:31:10 [root] WARNING: 11111111111111
2020-06-03 00:31:33 [root] WARNING: 11111111111111
2020-06-03 00:31:47 [root] WARNING: 11111111111111
2020-06-03 00:32:10 [root] WARNING: 11111111111111
2020-06-03 00:32:26 [root] WARNING: 11111111111111
2020-06-03 00:32:46 [root] WARNING: 11111111111111
2020-06-03 00:33:01 [root] WARNING: 11111111111111
2020-06-03 00:33:10 [root] WARNING: 11111111111111
2020-06-03 00:33:22 [root] WARNING: 11111111111111
2020-06-03 00:33:33 [root] WARNING: 11111111111111
2020-06-03 00:33:45 [root] WARNING: 11111111111111
2020-06-03 00:33:58 [root] WARNING: 11111111111111
2020-06-03 00:34:06 [root] WARNING: 11111111111111
2020-06-03 00:34:17 [root] WARNING: 11111111111111
2020-06-03 00:34:29 [root] WARNING: 11111111111111
2020-06-03 00:34:37 [root] WARNING: 11111111111111
2020-06-03 00:34:47 [root] WARNING: 11111111111111
2020-06-03 00:35:05 [root] WARNING: 11111111111111
2020-06-03 00:35:28 [root] WARNING: 11111111111111
2020-06-03 00:35:42 [root] WARNING: 11111111111111
2020-06-03 00:36:05 [root] WARNING: 11111111111111
2020-06-03 00:36:20 [root] WARNING: 11111111111111
2020-06-03 00:36:39 [root] WARNING: 11111111111111
2020-06-03 00:36:55 [root] WARNING: 11111111111111
2020-06-03 00:37:05 [root] WARNING: 11111111111111
2020-06-03 00:37:13 [root] WARNING: 11111111111111
2020-06-03 00:37:21 [root] WARNING: 11111111111111
2020-06-03 00:37:30 [root] WARNING: 11111111111111
2020-06-03 00:37:43 [root] WARNING: 11111111111111
2020-06-03 00:37:51 [root] WARNING: 11111111111111
2020-06-03 00:38:01 [root] WARNING: 11111111111111
2020-06-03 00:38:16 [root] WARNING: 11111111111111
2020-06-03 00:38:21 [root] WARNING: 11111111111111
2020-06-03 00:38:31 [root] WARNING: 11111111111111
2020-06-03 00:38:51 [root] WARNING: 11111111111111
2020-06-03 00:39:11 [root] WARNING: 11111111111111
2020-06-03 00:39:26 [root] WARNING: 11111111111111
2020-06-03 00:39:46 [root] WARNING: 11111111111111
2020-06-03 00:40:01 [root] WARNING: 11111111111111
2020-06-03 00:40:21 [root] WARNING: 11111111111111
2020-06-03 00:40:34 [root] WARNING: 11111111111111
2020-06-03 00:40:39 [root] WARNING: 11111111111111
2020-06-03 00:40:49 [root] WARNING: 11111111111111
2020-06-03 00:40:58 [root] WARNING: 11111111111111
2020-06-03 00:41:07 [root] WARNING: 11111111111111
2020-06-03 00:41:19 [root] WARNING: 11111111111111
2020-06-03 00:41:28 [root] WARNING: 11111111111111
2020-06-03 00:41:39 [root] WARNING: 11111111111111
2020-06-03 00:41:50 [root] WARNING: 11111111111111
2020-06-03 00:41:54 [root] WARNING: 11111111111111
2020-06-03 00:42:05 [root] WARNING: 11111111111111
2020-06-03 00:42:24 [root] WARNING: 11111111111111
2020-06-03 00:42:44 [root] WARNING: 11111111111111
2020-06-03 00:43:00 [root] WARNING: 11111111111111
2020-06-03 00:43:20 [root] WARNING: 11111111111111
2020-06-03 00:43:36 [root] WARNING: 11111111111111
2020-06-03 00:43:56 [root] WARNING: 11111111111111
2020-06-03 00:44:08 [root] WARNING: 11111111111111
2020-06-03 00:44:16 [root] WARNING: 11111111111111
2020-06-03 00:44:16 [root] WARNING: 湖北华中输变电有限公司铁塔分公司    没有股东信息
2020-06-03 00:44:28 [root] WARNING: 11111111111111
2020-06-03 00:44:37 [root] WARNING: 11111111111111
2020-06-03 00:44:48 [root] WARNING: 11111111111111
2020-06-03 00:45:00 [root] WARNING: 11111111111111
2020-06-03 00:45:10 [root] WARNING: 11111111111111
2020-06-03 00:45:20 [root] WARNING: 11111111111111
2020-06-03 00:45:31 [root] WARNING: 11111111111111
2020-06-03 00:45:43 [root] WARNING: 11111111111111
2020-06-03 00:45:55 [root] WARNING: 11111111111111
2020-06-03 00:46:16 [root] WARNING: 11111111111111
2020-06-03 00:46:36 [root] WARNING: 11111111111111
2020-06-03 00:46:48 [root] WARNING: 11111111111111
2020-06-03 00:47:11 [root] WARNING: 11111111111111
2020-06-03 00:47:27 [root] WARNING: 11111111111111
2020-06-03 00:47:50 [root] WARNING: 11111111111111
2020-06-03 00:48:05 [root] WARNING: 11111111111111
2020-06-03 00:48:13 [root] WARNING: 11111111111111
2020-06-03 00:48:22 [root] WARNING: 11111111111111
2020-06-03 00:48:30 [root] WARNING: 11111111111111
2020-06-03 00:48:42 [root] WARNING: 11111111111111
2020-06-03 00:48:58 [root] WARNING: 11111111111111
2020-06-03 00:49:07 [root] WARNING: 11111111111111
2020-06-03 00:49:17 [root] WARNING: 11111111111111
2020-06-03 00:49:33 [root] WARNING: 11111111111111
2020-06-03 00:49:42 [root] WARNING: 11111111111111
2020-06-03 00:49:52 [root] WARNING: 11111111111111
2020-06-03 00:50:15 [root] WARNING: 11111111111111
2020-06-03 00:50:38 [root] WARNING: 11111111111111
2020-06-03 00:50:52 [root] WARNING: 11111111111111
2020-06-03 00:51:12 [root] WARNING: 11111111111111
2020-06-03 00:51:27 [root] WARNING: 11111111111111
2020-06-03 00:51:47 [root] WARNING: 11111111111111
2020-06-03 00:52:03 [root] WARNING: 11111111111111
2020-06-03 00:52:12 [root] WARNING: 11111111111111
2020-06-03 00:52:22 [root] WARNING: 11111111111111
2020-06-03 00:52:33 [root] WARNING: 11111111111111
2020-06-03 00:52:43 [root] WARNING: 11111111111111
2020-06-03 00:52:52 [root] WARNING: 11111111111111
2020-06-03 00:53:02 [root] WARNING: 11111111111111
2020-06-03 00:53:14 [root] WARNING: 11111111111111
2020-06-03 00:53:28 [root] WARNING: 11111111111111
2020-06-03 00:53:38 [root] WARNING: 11111111111111
2020-06-03 00:53:48 [root] WARNING: 11111111111111
2020-06-03 00:54:08 [root] WARNING: 11111111111111
2020-06-03 00:54:29 [root] WARNING: 11111111111111
2020-06-03 00:54:43 [root] WARNING: 11111111111111
2020-06-03 00:55:04 [root] WARNING: 11111111111111
2020-06-03 00:55:18 [root] WARNING: 11111111111111
2020-06-03 00:55:41 [root] WARNING: 11111111111111
2020-06-03 00:55:57 [root] WARNING: 11111111111111
2020-06-03 00:56:07 [root] WARNING: 11111111111111
2020-06-03 00:56:19 [root] WARNING: 11111111111111
2020-06-03 00:56:29 [root] WARNING: 11111111111111
2020-06-03 00:56:39 [root] WARNING: 11111111111111
2020-06-03 00:56:54 [root] WARNING: 11111111111111
2020-06-03 00:57:00 [root] WARNING: 11111111111111
2020-06-03 00:57:11 [root] WARNING: 11111111111111
2020-06-03 00:57:25 [root] WARNING: 11111111111111
2020-06-03 00:57:36 [root] WARNING: 11111111111111
2020-06-03 00:57:47 [root] WARNING: 11111111111111
2020-06-03 00:58:04 [root] WARNING: 11111111111111
2020-06-03 00:58:26 [root] WARNING: 11111111111111
2020-06-03 00:58:41 [root] WARNING: 11111111111111
2020-06-03 00:59:02 [root] WARNING: 11111111111111
2020-06-03 00:59:17 [root] WARNING: 11111111111111
2020-06-03 00:59:38 [root] WARNING: 11111111111111
2020-06-03 00:59:51 [root] WARNING: 11111111111111
2020-06-03 01:00:01 [root] WARNING: 11111111111111
2020-06-03 01:00:13 [root] WARNING: 11111111111111
2020-06-03 01:00:23 [root] WARNING: 11111111111111
2020-06-03 01:00:32 [root] WARNING: 11111111111111
2020-06-03 01:00:41 [root] WARNING: 11111111111111
2020-06-03 01:00:48 [root] WARNING: 11111111111111
2020-06-03 01:00:58 [root] WARNING: 11111111111111
2020-06-03 01:01:11 [root] WARNING: 11111111111111
2020-06-03 01:01:16 [root] WARNING: 11111111111111
2020-06-03 01:01:27 [root] WARNING: 11111111111111
2020-06-03 01:01:44 [root] WARNING: 11111111111111
2020-06-03 01:02:05 [root] WARNING: 11111111111111
2020-06-03 01:02:20 [root] WARNING: 11111111111111
2020-06-03 01:02:41 [root] WARNING: 11111111111111
2020-06-03 01:02:56 [root] WARNING: 11111111111111
2020-06-03 01:03:17 [root] WARNING: 11111111111111
2020-06-03 01:03:31 [root] WARNING: 11111111111111
2020-06-03 01:03:42 [root] WARNING: 11111111111111
2020-06-03 01:03:51 [root] WARNING: 11111111111111
2020-06-03 01:03:58 [root] WARNING: 11111111111111
2020-06-03 01:04:09 [root] WARNING: 11111111111111
2020-06-03 01:04:24 [root] WARNING: 11111111111111
2020-06-03 01:04:34 [root] WARNING: 11111111111111
2020-06-03 01:04:46 [root] WARNING: 11111111111111
2020-06-03 01:05:00 [root] WARNING: 11111111111111
2020-06-03 01:05:11 [root] WARNING: 11111111111111
2020-06-03 01:05:21 [root] WARNING: 11111111111111
2020-06-03 01:05:21 [root] WARNING: 北京送变电公司线路器材厂    没有股东信息
2020-06-03 01:05:40 [root] WARNING: 11111111111111
2020-06-03 01:06:01 [root] WARNING: 11111111111111
2020-06-03 01:06:15 [root] WARNING: 11111111111111
2020-06-03 01:06:37 [root] WARNING: 11111111111111
2020-06-03 01:06:52 [root] WARNING: 11111111111111
2020-06-03 01:07:10 [root] WARNING: 11111111111111
2020-06-03 01:07:24 [root] WARNING: 11111111111111
2020-06-03 01:07:32 [root] WARNING: 11111111111111
2020-06-03 01:07:43 [root] WARNING: 11111111111111
2020-06-03 01:07:53 [root] WARNING: 11111111111111
2020-06-03 01:08:04 [root] WARNING: 11111111111111
2020-06-03 01:08:19 [root] WARNING: 11111111111111
2020-06-03 01:08:30 [root] WARNING: 11111111111111
2020-06-03 01:08:39 [root] WARNING: 11111111111111
2020-06-03 01:08:52 [root] WARNING: 11111111111111
2020-06-03 01:09:01 [root] WARNING: 11111111111111
2020-06-03 01:09:07 [root] WARNING: 11111111111111
2020-06-03 01:09:27 [root] WARNING: 11111111111111
2020-06-03 01:09:42 [root] WARNING: 11111111111111
2020-06-03 01:09:54 [root] WARNING: 11111111111111
2020-06-03 01:10:12 [root] WARNING: 11111111111111
2020-06-03 01:10:25 [root] WARNING: 11111111111111
2020-06-03 01:10:38 [root] WARNING: 11111111111111
2020-06-03 01:10:45 [root] WARNING: 11111111111111
2020-06-03 01:10:52 [root] WARNING: 11111111111111
2020-06-03 01:10:58 [root] WARNING: 11111111111111
2020-06-03 01:11:05 [root] WARNING: 11111111111111
2020-06-03 01:11:13 [root] WARNING: 11111111111111
2020-06-03 01:11:19 [root] WARNING: 11111111111111
2020-06-03 01:11:25 [root] WARNING: 11111111111111
2020-06-03 01:11:32 [root] WARNING: 11111111111111
2020-06-03 01:11:38 [root] WARNING: 11111111111111
