2020-06-04 09:21:03 [root] WARNING: 11111111111111
2020-06-04 09:21:07 [root] WARNING: 11111111111111
2020-06-04 09:21:19 [root] WARNING: 11111111111111
2020-06-04 09:21:35 [root] WARNING: 11111111111111
2020-06-04 09:21:46 [root] WARNING: 11111111111111
2020-06-04 09:21:52 [root] WARNING: 11111111111111
2020-06-04 09:22:09 [root] WARNING: 11111111111111
2020-06-04 09:22:34 [root] WARNING: 11111111111111
2020-06-04 09:22:50 [root] WARNING: 11111111111111
2020-06-04 09:22:55 [root] WARNING: 11111111111111
2020-06-04 09:23:05 [root] WARNING: 11111111111111
2020-06-04 09:23:10 [root] WARNING: 11111111111111
2020-06-04 09:23:23 [root] WARNING: 11111111111111
2020-06-04 09:23:29 [root] WARNING: 11111111111111
2020-06-04 09:23:38 [root] WARNING: 11111111111111
2020-06-04 09:23:43 [root] WARNING: 11111111111111
2020-06-04 09:23:48 [root] WARNING: 11111111111111
2020-06-04 09:23:55 [root] WARNING: 11111111111111
2020-06-04 09:24:03 [root] WARNING: 11111111111111
2020-06-04 09:24:09 [root] WARNING: 11111111111111
2020-06-04 09:24:22 [root] WARNING: 11111111111111
2020-06-04 09:24:35 [root] WARNING: 11111111111111
2020-06-04 09:24:41 [root] WARNING: 11111111111111
2020-06-04 09:24:55 [root] WARNING: 11111111111111
2020-06-04 09:25:18 [root] WARNING: 11111111111111
2020-06-04 09:25:32 [root] WARNING: 11111111111111
2020-06-04 09:25:38 [root] WARNING: 11111111111111
2020-06-04 09:25:47 [root] WARNING: 11111111111111
2020-06-04 09:25:53 [root] WARNING: 11111111111111
2020-06-04 09:26:06 [root] WARNING: 11111111111111
2020-06-04 09:26:11 [root] WARNING: 11111111111111
2020-06-04 09:26:20 [root] WARNING: 11111111111111
2020-06-04 09:26:26 [root] WARNING: 11111111111111
2020-06-04 09:26:31 [root] WARNING: 11111111111111
2020-06-04 09:26:36 [root] WARNING: 11111111111111
2020-06-04 09:26:45 [root] WARNING: 11111111111111
2020-06-04 09:26:51 [root] WARNING: 11111111111111
2020-06-04 09:27:04 [root] WARNING: 11111111111111
2020-06-04 09:27:17 [root] WARNING: 11111111111111
2020-06-04 09:27:21 [root] WARNING: 11111111111111
2020-06-04 09:27:35 [root] WARNING: 11111111111111
2020-06-04 09:27:57 [root] WARNING: 11111111111111
2020-06-04 09:28:10 [root] WARNING: 11111111111111
2020-06-04 09:28:15 [root] WARNING: 11111111111111
2020-06-04 09:28:24 [root] WARNING: 11111111111111
2020-06-04 09:28:28 [root] WARNING: 11111111111111
2020-06-04 09:28:43 [root] WARNING: 11111111111111
2020-06-04 09:28:51 [root] WARNING: 11111111111111
2020-06-04 09:29:00 [root] WARNING: 11111111111111
2020-06-04 09:39:08 [root] WARNING: 11111111111111
2020-06-04 09:39:20 [root] WARNING: 11111111111111
2020-06-04 09:39:24 [root] WARNING: 11111111111111
2020-06-04 09:39:29 [root] WARNING: 11111111111111
2020-06-04 09:39:38 [root] WARNING: 11111111111111
2020-06-04 09:39:51 [root] WARNING: 11111111111111
2020-06-04 09:39:56 [root] WARNING: 11111111111111
2020-06-04 09:40:05 [root] WARNING: 11111111111111
2020-06-04 09:40:14 [root] WARNING: 11111111111111
2020-06-04 09:40:22 [root] WARNING: 11111111111111
2020-06-04 09:40:27 [root] WARNING: 11111111111111
2020-06-04 09:40:36 [root] WARNING: 11111111111111
2020-06-04 09:40:50 [root] WARNING: 11111111111111
2020-06-04 09:41:02 [root] WARNING: 11111111111111
2020-06-04 09:41:07 [root] WARNING: 11111111111111
2020-06-04 09:41:21 [root] WARNING: 11111111111111
2020-06-04 09:41:33 [root] WARNING: 11111111111111
2020-06-04 09:41:42 [root] WARNING: 11111111111111
2020-06-04 09:41:55 [root] WARNING: 11111111111111
2020-06-04 09:42:03 [root] WARNING: 11111111111111
2020-06-04 09:42:08 [root] WARNING: 11111111111111
2020-06-04 09:42:17 [root] WARNING: 11111111111111
2020-06-04 09:42:17 [scrapy.core.scraper] ERROR: Spider error processing <GET https://www.qcc.com/firm_48ZYCPE.shtml#base> (referer: https://www.qcc.com/search?key=%E5%A4%A9%E6%B4%A5%E5%B9%B3%E9%AB%98%E6%99%BA%E8%83%BD%E7%94%B5%E6%B0%94%E6%9C%89%E9%99%90%E5%85%AC%E5%8F%B8)
Traceback (most recent call last):
  File "C:\Users\Administrator\Envs\myscrapy_py3\lib\site-packages\twisted\internet\defer.py", line 654, in _runCallbacks
    current.result = callback(current.result, *args, **kw)
  File "D:\杨\qccscrapy\qichacha\qichacha\spiders\qcc.py", line 60, in gd_parse
    companyname = response.xpath('//div[@class="content"]/div[1]/h1/text()').extract_first().strip().replace('\n','')
AttributeError: 'NoneType' object has no attribute 'strip'
2020-06-04 09:42:29 [root] WARNING: 11111111111111
2020-06-04 09:42:29 [scrapy.core.scraper] ERROR: Spider error processing <GET https://www.qcc.com/firm_10WSSBM.shtml#base> (referer: https://www.qcc.com/search?key=%E5%AE%89%E5%BE%BD%E7%BB%A7%E8%BF%9C%E8%BD%AF%E4%BB%B6%E6%9C%89%E9%99%90%E5%85%AC%E5%8F%B8)
Traceback (most recent call last):
  File "C:\Users\Administrator\Envs\myscrapy_py3\lib\site-packages\twisted\internet\defer.py", line 654, in _runCallbacks
    current.result = callback(current.result, *args, **kw)
  File "D:\杨\qccscrapy\qichacha\qichacha\spiders\qcc.py", line 60, in gd_parse
    companyname = response.xpath('//div[@class="content"]/div[1]/h1/text()').extract_first().strip().replace('\n','')
AttributeError: 'NoneType' object has no attribute 'strip'
2020-06-04 09:42:33 [root] WARNING: 11111111111111
2020-06-04 09:42:33 [scrapy.core.scraper] ERROR: Spider error processing <GET https://www.qcc.com/firm_71PO1LT.shtml#base> (referer: https://www.qcc.com/search?key=%E8%AE%B8%E7%BB%A7(%E5%8E%A6%E9%97%A8)%E6%99%BA%E8%83%BD%E7%94%B5%E5%8A%9B%E8%AE%BE%E5%A4%87%E8%82%A1%E4%BB%BD%E6%9C%89%E9%99%90%E5%85%AC%E5%8F%B8)
Traceback (most recent call last):
  File "C:\Users\Administrator\Envs\myscrapy_py3\lib\site-packages\twisted\internet\defer.py", line 654, in _runCallbacks
    current.result = callback(current.result, *args, **kw)
  File "D:\杨\qccscrapy\qichacha\qichacha\spiders\qcc.py", line 60, in gd_parse
    companyname = response.xpath('//div[@class="content"]/div[1]/h1/text()').extract_first().strip().replace('\n','')
AttributeError: 'NoneType' object has no attribute 'strip'
2020-06-04 09:42:42 [root] WARNING: 11111111111111
2020-06-04 09:42:42 [scrapy.core.scraper] ERROR: Spider error processing <GET https://www.qcc.com/firm_708C15F.shtml#base> (referer: https://www.qcc.com/search?key=%E6%B5%99%E6%B1%9F%E6%99%A8%E5%85%89%E7%94%B5%E7%BC%86%E8%82%A1%E4%BB%BD%E6%9C%89%E9%99%90%E5%85%AC%E5%8F%B8)
Traceback (most recent call last):
  File "C:\Users\Administrator\Envs\myscrapy_py3\lib\site-packages\twisted\internet\defer.py", line 654, in _runCallbacks
    current.result = callback(current.result, *args, **kw)
  File "D:\杨\qccscrapy\qichacha\qichacha\spiders\qcc.py", line 60, in gd_parse
    companyname = response.xpath('//div[@class="content"]/div[1]/h1/text()').extract_first().strip().replace('\n','')
AttributeError: 'NoneType' object has no attribute 'strip'
2020-06-04 09:42:54 [root] WARNING: 11111111111111
2020-06-04 09:42:54 [scrapy.core.scraper] ERROR: Spider error processing <GET https://www.qcc.com/firm_937YPWM.shtml#base> (referer: https://www.qcc.com/search?key=%E6%B1%9F%E8%8B%8F%E5%A4%A7%E5%85%A8%E9%95%BF%E6%B1%9F%E7%94%B5%E5%99%A8%E8%82%A1%E4%BB%BD%E6%9C%89%E9%99%90%E5%85%AC%E5%8F%B8)
Traceback (most recent call last):
  File "C:\Users\Administrator\Envs\myscrapy_py3\lib\site-packages\twisted\internet\defer.py", line 654, in _runCallbacks
    current.result = callback(current.result, *args, **kw)
  File "D:\杨\qccscrapy\qichacha\qichacha\spiders\qcc.py", line 60, in gd_parse
    companyname = response.xpath('//div[@class="content"]/div[1]/h1/text()').extract_first().strip().replace('\n','')
AttributeError: 'NoneType' object has no attribute 'strip'
2020-06-04 09:43:06 [root] WARNING: 11111111111111
2020-06-04 09:43:06 [scrapy.core.scraper] ERROR: Spider error processing <GET https://www.qcc.com/firm_617SBZY.shtml#base> (referer: https://www.qcc.com/search?key=%E8%A5%BF%E7%94%B5%E9%99%95%E8%A5%BF%E9%99%95%E5%BC%80%E7%94%B5%E5%99%A8%E9%9B%86%E5%9B%A2%E6%9C%89%E9%99%90%E5%85%AC%E5%8F%B8)
Traceback (most recent call last):
  File "C:\Users\Administrator\Envs\myscrapy_py3\lib\site-packages\twisted\internet\defer.py", line 654, in _runCallbacks
    current.result = callback(current.result, *args, **kw)
  File "D:\杨\qccscrapy\qichacha\qichacha\spiders\qcc.py", line 60, in gd_parse
    companyname = response.xpath('//div[@class="content"]/div[1]/h1/text()').extract_first().strip().replace('\n','')
AttributeError: 'NoneType' object has no attribute 'strip'
2020-06-04 09:43:10 [root] WARNING: 11111111111111
2020-06-04 09:43:10 [scrapy.core.scraper] ERROR: Spider error processing <GET https://www.qcc.com/firm_46N8ASG.shtml#base> (referer: https://www.qcc.com/search?key=%E6%99%AE%E7%9D%BF%E5%8F%B8%E6%9B%BC%E7%94%B5%E7%BC%86(%E4%B8%8A%E6%B5%B7)%E6%9C%89%E9%99%90%E5%85%AC%E5%8F%B8)
Traceback (most recent call last):
  File "C:\Users\Administrator\Envs\myscrapy_py3\lib\site-packages\twisted\internet\defer.py", line 654, in _runCallbacks
    current.result = callback(current.result, *args, **kw)
  File "D:\杨\qccscrapy\qichacha\qichacha\spiders\qcc.py", line 60, in gd_parse
    companyname = response.xpath('//div[@class="content"]/div[1]/h1/text()').extract_first().strip().replace('\n','')
AttributeError: 'NoneType' object has no attribute 'strip'
2020-06-04 09:43:19 [root] WARNING: 11111111111111
2020-06-04 09:43:19 [scrapy.core.scraper] ERROR: Spider error processing <GET https://www.qcc.com/firm_28GCLQX.shtml#base> (referer: https://www.qcc.com/search?key=%E5%B1%B1%E4%B8%9C%E6%B3%B0%E5%BC%80%E6%88%90%E5%A5%97%E7%94%B5%E5%99%A8%E6%9C%89%E9%99%90%E5%85%AC%E5%8F%B8)
Traceback (most recent call last):
  File "C:\Users\Administrator\Envs\myscrapy_py3\lib\site-packages\twisted\internet\defer.py", line 654, in _runCallbacks
    current.result = callback(current.result, *args, **kw)
  File "D:\杨\qccscrapy\qichacha\qichacha\spiders\qcc.py", line 60, in gd_parse
    companyname = response.xpath('//div[@class="content"]/div[1]/h1/text()').extract_first().strip().replace('\n','')
AttributeError: 'NoneType' object has no attribute 'strip'
2020-06-04 09:43:35 [root] WARNING: 11111111111111
2020-06-04 09:43:35 [scrapy.core.scraper] ERROR: Spider error processing <GET https://www.qcc.com/search?key=%E5%B9%BF%E5%B7%9E%E7%99%BD%E4%BA%91%E7%94%B5%E5%99%A8%E8%AE%BE%E5%A4%87%E8%82%A1%E4%BB%BD%E6%9C%89%E9%99%90%E5%85%AC%E5%8F%B8#base> (referer: https://www.qcc.com/search?key=%E5%B9%BF%E5%B7%9E%E7%99%BD%E4%BA%91%E7%94%B5%E5%99%A8%E8%AE%BE%E5%A4%87%E8%82%A1%E4%BB%BD%E6%9C%89%E9%99%90%E5%85%AC%E5%8F%B8)
Traceback (most recent call last):
  File "C:\Users\Administrator\Envs\myscrapy_py3\lib\site-packages\twisted\internet\defer.py", line 654, in _runCallbacks
    current.result = callback(current.result, *args, **kw)
  File "D:\杨\qccscrapy\qichacha\qichacha\spiders\qcc.py", line 60, in gd_parse
    companyname = response.xpath('//div[@class="content"]/div[1]/h1/text()').extract_first().strip().replace('\n','')
AttributeError: 'NoneType' object has no attribute 'strip'
2020-06-04 09:43:43 [root] WARNING: 11111111111111
2020-06-04 09:43:43 [scrapy.core.scraper] ERROR: Spider error processing <GET https://www.qcc.com/search?key=%E7%89%B9%E5%8F%98%E7%94%B5%E5%B7%A5%E8%A1%A1%E9%98%B3%E5%8F%98%E5%8E%8B%E5%99%A8%E6%9C%89%E9%99%90%E5%85%AC%E5%8F%B8#base> (referer: https://www.qcc.com/search?key=%E7%89%B9%E5%8F%98%E7%94%B5%E5%B7%A5%E8%A1%A1%E9%98%B3%E5%8F%98%E5%8E%8B%E5%99%A8%E6%9C%89%E9%99%90%E5%85%AC%E5%8F%B8)
Traceback (most recent call last):
  File "C:\Users\Administrator\Envs\myscrapy_py3\lib\site-packages\twisted\internet\defer.py", line 654, in _runCallbacks
    current.result = callback(current.result, *args, **kw)
  File "D:\杨\qccscrapy\qichacha\qichacha\spiders\qcc.py", line 60, in gd_parse
    companyname = response.xpath('//div[@class="content"]/div[1]/h1/text()').extract_first().strip().replace('\n','')
AttributeError: 'NoneType' object has no attribute 'strip'
2020-06-04 09:43:47 [root] WARNING: 11111111111111
2020-06-04 09:43:47 [scrapy.core.scraper] ERROR: Spider error processing <GET https://www.qcc.com/search?key=%E5%B1%B1%E4%B8%9C%E6%B3%B0%E5%BC%80%E9%AB%98%E5%8E%8B%E5%BC%80%E5%85%B3%E6%9C%89%E9%99%90%E5%85%AC%E5%8F%B8#base> (referer: https://www.qcc.com/search?key=%E5%B1%B1%E4%B8%9C%E6%B3%B0%E5%BC%80%E9%AB%98%E5%8E%8B%E5%BC%80%E5%85%B3%E6%9C%89%E9%99%90%E5%85%AC%E5%8F%B8)
Traceback (most recent call last):
  File "C:\Users\Administrator\Envs\myscrapy_py3\lib\site-packages\twisted\internet\defer.py", line 654, in _runCallbacks
    current.result = callback(current.result, *args, **kw)
  File "D:\杨\qccscrapy\qichacha\qichacha\spiders\qcc.py", line 60, in gd_parse
    companyname = response.xpath('//div[@class="content"]/div[1]/h1/text()').extract_first().strip().replace('\n','')
AttributeError: 'NoneType' object has no attribute 'strip'
2020-06-04 09:44:00 [root] WARNING: 11111111111111
2020-06-04 09:44:00 [scrapy.core.scraper] ERROR: Spider error processing <GET https://www.qcc.com/search?key=%E5%AE%81%E6%B3%A2%E5%A5%A5%E5%85%8B%E6%96%AF%E9%AB%98%E7%A7%91%E6%8A%80%E6%9C%89%E9%99%90%E5%85%AC%E5%8F%B8#base> (referer: https://www.qcc.com/search?key=%E5%AE%81%E6%B3%A2%E5%A5%A5%E5%85%8B%E6%96%AF%E9%AB%98%E7%A7%91%E6%8A%80%E6%9C%89%E9%99%90%E5%85%AC%E5%8F%B8)
Traceback (most recent call last):
  File "C:\Users\Administrator\Envs\myscrapy_py3\lib\site-packages\twisted\internet\defer.py", line 654, in _runCallbacks
    current.result = callback(current.result, *args, **kw)
  File "D:\杨\qccscrapy\qichacha\qichacha\spiders\qcc.py", line 60, in gd_parse
    companyname = response.xpath('//div[@class="content"]/div[1]/h1/text()').extract_first().strip().replace('\n','')
AttributeError: 'NoneType' object has no attribute 'strip'
2020-06-04 09:44:08 [root] WARNING: 11111111111111
2020-06-04 09:44:08 [scrapy.core.scraper] ERROR: Spider error processing <GET https://www.qcc.com/search?key=%E8%A5%BF%E5%AE%89%E8%A5%BF%E7%94%B5%E9%AB%98%E5%8E%8B%E7%94%B5%E7%93%B7%E6%9C%89%E9%99%90%E8%B4%A3%E4%BB%BB%E5%85%AC%E5%8F%B8#base> (referer: https://www.qcc.com/search?key=%E8%A5%BF%E5%AE%89%E8%A5%BF%E7%94%B5%E9%AB%98%E5%8E%8B%E7%94%B5%E7%93%B7%E6%9C%89%E9%99%90%E8%B4%A3%E4%BB%BB%E5%85%AC%E5%8F%B8)
Traceback (most recent call last):
  File "C:\Users\Administrator\Envs\myscrapy_py3\lib\site-packages\twisted\internet\defer.py", line 654, in _runCallbacks
    current.result = callback(current.result, *args, **kw)
  File "D:\杨\qccscrapy\qichacha\qichacha\spiders\qcc.py", line 60, in gd_parse
    companyname = response.xpath('//div[@class="content"]/div[1]/h1/text()').extract_first().strip().replace('\n','')
AttributeError: 'NoneType' object has no attribute 'strip'
2020-06-04 09:45:58 [root] WARNING: 11111111111111
2020-06-04 09:45:58 [scrapy.core.scraper] ERROR: Spider error processing <GET https://www.qcc.com/search?key=%E5%B9%BF%E4%B8%9C%E6%97%A5%E6%98%AD%E6%96%B0%E6%8A%80%E6%9C%AF%E5%BA%94%E7%94%A8%E6%9C%89%E9%99%90%E5%85%AC%E5%8F%B8#base> (referer: https://www.qcc.com/search?key=%E5%B9%BF%E4%B8%9C%E6%97%A5%E6%98%AD%E6%96%B0%E6%8A%80%E6%9C%AF%E5%BA%94%E7%94%A8%E6%9C%89%E9%99%90%E5%85%AC%E5%8F%B8)
Traceback (most recent call last):
  File "C:\Users\Administrator\Envs\myscrapy_py3\lib\site-packages\twisted\internet\defer.py", line 654, in _runCallbacks
    current.result = callback(current.result, *args, **kw)
  File "D:\杨\qccscrapy\qichacha\qichacha\spiders\qcc.py", line 60, in gd_parse
    companyname = response.xpath('//div[@class="content"]/div[1]/h1/text()').extract_first().strip().replace('\n','')
AttributeError: 'NoneType' object has no attribute 'strip'
2020-06-04 09:45:58 [root] WARNING: 11111111111111
2020-06-04 09:45:58 [scrapy.core.scraper] ERROR: Spider error processing <GET https://www.qcc.com/search?key=%E4%B8%8A%E6%B5%B7%E8%A5%BF%E9%82%A6%E7%94%B5%E6%B0%94%E6%9C%89%E9%99%90%E5%85%AC%E5%8F%B8#base> (referer: https://www.qcc.com/search?key=%E4%B8%8A%E6%B5%B7%E8%A5%BF%E9%82%A6%E7%94%B5%E6%B0%94%E6%9C%89%E9%99%90%E5%85%AC%E5%8F%B8)
Traceback (most recent call last):
  File "C:\Users\Administrator\Envs\myscrapy_py3\lib\site-packages\twisted\internet\defer.py", line 654, in _runCallbacks
    current.result = callback(current.result, *args, **kw)
  File "D:\杨\qccscrapy\qichacha\qichacha\spiders\qcc.py", line 60, in gd_parse
    companyname = response.xpath('//div[@class="content"]/div[1]/h1/text()').extract_first().strip().replace('\n','')
AttributeError: 'NoneType' object has no attribute 'strip'
2020-06-04 09:46:10 [root] WARNING: 11111111111111
2020-06-04 09:46:10 [scrapy.core.scraper] ERROR: Spider error processing <GET https://www.qcc.com/search?key=%E6%B7%B1%E5%9C%B3%E5%B8%82%E6%B2%83%E5%B0%94%E6%A0%B8%E6%9D%90%E8%82%A1%E4%BB%BD%E6%9C%89%E9%99%90%E5%85%AC%E5%8F%B8#base> (referer: https://www.qcc.com/search?key=%E6%B7%B1%E5%9C%B3%E5%B8%82%E6%B2%83%E5%B0%94%E6%A0%B8%E6%9D%90%E8%82%A1%E4%BB%BD%E6%9C%89%E9%99%90%E5%85%AC%E5%8F%B8)
Traceback (most recent call last):
  File "C:\Users\Administrator\Envs\myscrapy_py3\lib\site-packages\twisted\internet\defer.py", line 654, in _runCallbacks
    current.result = callback(current.result, *args, **kw)
  File "D:\杨\qccscrapy\qichacha\qichacha\spiders\qcc.py", line 60, in gd_parse
    companyname = response.xpath('//div[@class="content"]/div[1]/h1/text()').extract_first().strip().replace('\n','')
AttributeError: 'NoneType' object has no attribute 'strip'
2020-06-04 09:46:18 [root] WARNING: 11111111111111
2020-06-04 09:46:18 [scrapy.core.scraper] ERROR: Spider error processing <GET https://www.qcc.com/search?key=%E5%B7%9D%E5%BC%80%E7%94%B5%E6%B0%94%E6%9C%89%E9%99%90%E5%85%AC%E5%8F%B8#base> (referer: https://www.qcc.com/search?key=%E5%B7%9D%E5%BC%80%E7%94%B5%E6%B0%94%E6%9C%89%E9%99%90%E5%85%AC%E5%8F%B8)
Traceback (most recent call last):
  File "C:\Users\Administrator\Envs\myscrapy_py3\lib\site-packages\twisted\internet\defer.py", line 654, in _runCallbacks
    current.result = callback(current.result, *args, **kw)
  File "D:\杨\qccscrapy\qichacha\qichacha\spiders\qcc.py", line 60, in gd_parse
    companyname = response.xpath('//div[@class="content"]/div[1]/h1/text()').extract_first().strip().replace('\n','')
AttributeError: 'NoneType' object has no attribute 'strip'
2020-06-04 09:46:22 [root] WARNING: 11111111111111
2020-06-04 09:46:22 [scrapy.core.scraper] ERROR: Spider error processing <GET https://www.qcc.com/search?key=%E5%8D%97%E4%BA%AC%E5%8D%97%E7%91%9E%E7%BB%A7%E4%BF%9D%E5%B7%A5%E7%A8%8B%E6%8A%80%E6%9C%AF%E6%9C%89%E9%99%90%E5%85%AC%E5%8F%B8#base> (referer: https://www.qcc.com/search?key=%E5%8D%97%E4%BA%AC%E5%8D%97%E7%91%9E%E7%BB%A7%E4%BF%9D%E5%B7%A5%E7%A8%8B%E6%8A%80%E6%9C%AF%E6%9C%89%E9%99%90%E5%85%AC%E5%8F%B8)
Traceback (most recent call last):
  File "C:\Users\Administrator\Envs\myscrapy_py3\lib\site-packages\twisted\internet\defer.py", line 654, in _runCallbacks
    current.result = callback(current.result, *args, **kw)
  File "D:\杨\qccscrapy\qichacha\qichacha\spiders\qcc.py", line 60, in gd_parse
    companyname = response.xpath('//div[@class="content"]/div[1]/h1/text()').extract_first().strip().replace('\n','')
AttributeError: 'NoneType' object has no attribute 'strip'
2020-06-04 09:46:31 [root] WARNING: 11111111111111
2020-06-04 09:46:31 [scrapy.core.scraper] ERROR: Spider error processing <GET https://www.qcc.com/search?key=%E6%B1%9F%E8%8B%8F%E5%8D%97%E7%91%9E%E5%B8%95%E5%A8%81%E5%B0%94%E7%94%B5%E6%B0%94%E6%9C%89%E9%99%90%E5%85%AC%E5%8F%B8#base> (referer: https://www.qcc.com/search?key=%E6%B1%9F%E8%8B%8F%E5%8D%97%E7%91%9E%E5%B8%95%E5%A8%81%E5%B0%94%E7%94%B5%E6%B0%94%E6%9C%89%E9%99%90%E5%85%AC%E5%8F%B8)
Traceback (most recent call last):
  File "C:\Users\Administrator\Envs\myscrapy_py3\lib\site-packages\twisted\internet\defer.py", line 654, in _runCallbacks
    current.result = callback(current.result, *args, **kw)
  File "D:\杨\qccscrapy\qichacha\qichacha\spiders\qcc.py", line 60, in gd_parse
    companyname = response.xpath('//div[@class="content"]/div[1]/h1/text()').extract_first().strip().replace('\n','')
AttributeError: 'NoneType' object has no attribute 'strip'
2020-06-04 09:46:43 [root] WARNING: 11111111111111
2020-06-04 09:46:43 [scrapy.core.scraper] ERROR: Spider error processing <GET https://www.qcc.com/search?key=%E5%B8%B8%E5%B7%9E%E4%B8%9C%E8%8A%9D%E5%8F%98%E5%8E%8B%E5%99%A8%E6%9C%89%E9%99%90%E5%85%AC%E5%8F%B8#base> (referer: https://www.qcc.com/search?key=%E5%B8%B8%E5%B7%9E%E4%B8%9C%E8%8A%9D%E5%8F%98%E5%8E%8B%E5%99%A8%E6%9C%89%E9%99%90%E5%85%AC%E5%8F%B8)
Traceback (most recent call last):
  File "C:\Users\Administrator\Envs\myscrapy_py3\lib\site-packages\twisted\internet\defer.py", line 654, in _runCallbacks
    current.result = callback(current.result, *args, **kw)
  File "D:\杨\qccscrapy\qichacha\qichacha\spiders\qcc.py", line 60, in gd_parse
    companyname = response.xpath('//div[@class="content"]/div[1]/h1/text()').extract_first().strip().replace('\n','')
AttributeError: 'NoneType' object has no attribute 'strip'
2020-06-04 09:46:51 [root] WARNING: 11111111111111
2020-06-04 09:46:51 [scrapy.core.scraper] ERROR: Spider error processing <GET https://www.qcc.com/search?key=%E5%B1%B1%E4%B8%9C%E6%B3%B0%E5%BC%80%E7%94%B5%E7%BC%86%E6%9C%89%E9%99%90%E5%85%AC%E5%8F%B8#base> (referer: https://www.qcc.com/search?key=%E5%B1%B1%E4%B8%9C%E6%B3%B0%E5%BC%80%E7%94%B5%E7%BC%86%E6%9C%89%E9%99%90%E5%85%AC%E5%8F%B8)
Traceback (most recent call last):
  File "C:\Users\Administrator\Envs\myscrapy_py3\lib\site-packages\twisted\internet\defer.py", line 654, in _runCallbacks
    current.result = callback(current.result, *args, **kw)
  File "D:\杨\qccscrapy\qichacha\qichacha\spiders\qcc.py", line 60, in gd_parse
    companyname = response.xpath('//div[@class="content"]/div[1]/h1/text()').extract_first().strip().replace('\n','')
AttributeError: 'NoneType' object has no attribute 'strip'
2020-06-04 09:47:00 [root] WARNING: 11111111111111
2020-06-04 09:47:00 [scrapy.core.scraper] ERROR: Spider error processing <GET https://www.qcc.com/search?key=%E5%9B%BD%E8%BD%A9%E9%AB%98%E7%A7%91%E8%82%A1%E4%BB%BD%E6%9C%89%E9%99%90%E5%85%AC%E5%8F%B8#base> (referer: https://www.qcc.com/search?key=%E5%9B%BD%E8%BD%A9%E9%AB%98%E7%A7%91%E8%82%A1%E4%BB%BD%E6%9C%89%E9%99%90%E5%85%AC%E5%8F%B8)
Traceback (most recent call last):
  File "C:\Users\Administrator\Envs\myscrapy_py3\lib\site-packages\twisted\internet\defer.py", line 654, in _runCallbacks
    current.result = callback(current.result, *args, **kw)
  File "D:\杨\qccscrapy\qichacha\qichacha\spiders\qcc.py", line 60, in gd_parse
    companyname = response.xpath('//div[@class="content"]/div[1]/h1/text()').extract_first().strip().replace('\n','')
AttributeError: 'NoneType' object has no attribute 'strip'
2020-06-04 09:47:15 [root] WARNING: 11111111111111
2020-06-04 09:47:15 [scrapy.core.scraper] ERROR: Spider error processing <GET https://www.qcc.com/search?key=%E5%B1%B1%E4%B8%9C%E6%B3%B0%E5%BC%80%E5%8F%98%E5%8E%8B%E5%99%A8%E6%9C%89%E9%99%90%E5%85%AC%E5%8F%B8#base> (referer: https://www.qcc.com/search?key=%E5%B1%B1%E4%B8%9C%E6%B3%B0%E5%BC%80%E5%8F%98%E5%8E%8B%E5%99%A8%E6%9C%89%E9%99%90%E5%85%AC%E5%8F%B8)
Traceback (most recent call last):
  File "C:\Users\Administrator\Envs\myscrapy_py3\lib\site-packages\twisted\internet\defer.py", line 654, in _runCallbacks
    current.result = callback(current.result, *args, **kw)
  File "D:\杨\qccscrapy\qichacha\qichacha\spiders\qcc.py", line 60, in gd_parse
    companyname = response.xpath('//div[@class="content"]/div[1]/h1/text()').extract_first().strip().replace('\n','')
AttributeError: 'NoneType' object has no attribute 'strip'
2020-06-04 09:47:24 [root] WARNING: 11111111111111
2020-06-04 09:47:24 [scrapy.core.scraper] ERROR: Spider error processing <GET https://www.qcc.com/search?key=%E5%8D%97%E4%BA%AC%E5%8D%97%E7%91%9E%E9%9B%86%E5%9B%A2%E5%85%AC%E5%8F%B8#base> (referer: https://www.qcc.com/search?key=%E5%8D%97%E4%BA%AC%E5%8D%97%E7%91%9E%E9%9B%86%E5%9B%A2%E5%85%AC%E5%8F%B8)
Traceback (most recent call last):
  File "C:\Users\Administrator\Envs\myscrapy_py3\lib\site-packages\twisted\internet\defer.py", line 654, in _runCallbacks
    current.result = callback(current.result, *args, **kw)
  File "D:\杨\qccscrapy\qichacha\qichacha\spiders\qcc.py", line 60, in gd_parse
    companyname = response.xpath('//div[@class="content"]/div[1]/h1/text()').extract_first().strip().replace('\n','')
AttributeError: 'NoneType' object has no attribute 'strip'
2020-06-04 09:47:28 [root] WARNING: 11111111111111
2020-06-04 09:47:28 [scrapy.core.scraper] ERROR: Spider error processing <GET https://www.qcc.com/search?key=%E4%BA%9A%E6%B4%B2%E7%94%B5%E5%8A%9B%E8%AE%BE%E5%A4%87(%E6%B7%B1%E5%9C%B3)%E8%82%A1%E4%BB%BD%E6%9C%89%E9%99%90%E5%85%AC%E5%8F%B8#base> (referer: https://www.qcc.com/search?key=%E4%BA%9A%E6%B4%B2%E7%94%B5%E5%8A%9B%E8%AE%BE%E5%A4%87(%E6%B7%B1%E5%9C%B3)%E8%82%A1%E4%BB%BD%E6%9C%89%E9%99%90%E5%85%AC%E5%8F%B8)
Traceback (most recent call last):
  File "C:\Users\Administrator\Envs\myscrapy_py3\lib\site-packages\twisted\internet\defer.py", line 654, in _runCallbacks
    current.result = callback(current.result, *args, **kw)
  File "D:\杨\qccscrapy\qichacha\qichacha\spiders\qcc.py", line 60, in gd_parse
    companyname = response.xpath('//div[@class="content"]/div[1]/h1/text()').extract_first().strip().replace('\n','')
AttributeError: 'NoneType' object has no attribute 'strip'
2020-06-04 09:47:41 [root] WARNING: 11111111111111
2020-06-04 09:47:41 [scrapy.core.scraper] ERROR: Spider error processing <GET https://www.qcc.com/search?key=%E4%B8%AD%E5%A4%A9%E7%A7%91%E6%8A%80%E6%B5%B7%E7%BC%86%E6%9C%89%E9%99%90%E5%85%AC%E5%8F%B8#base> (referer: https://www.qcc.com/search?key=%E4%B8%AD%E5%A4%A9%E7%A7%91%E6%8A%80%E6%B5%B7%E7%BC%86%E6%9C%89%E9%99%90%E5%85%AC%E5%8F%B8)
Traceback (most recent call last):
  File "C:\Users\Administrator\Envs\myscrapy_py3\lib\site-packages\twisted\internet\defer.py", line 654, in _runCallbacks
    current.result = callback(current.result, *args, **kw)
  File "D:\杨\qccscrapy\qichacha\qichacha\spiders\qcc.py", line 60, in gd_parse
    companyname = response.xpath('//div[@class="content"]/div[1]/h1/text()').extract_first().strip().replace('\n','')
AttributeError: 'NoneType' object has no attribute 'strip'
2020-06-04 09:47:53 [root] WARNING: 11111111111111
2020-06-04 09:47:53 [scrapy.core.scraper] ERROR: Spider error processing <GET https://www.qcc.com/search?key=%E5%B1%B1%E4%B8%9C%E7%94%B5%E5%8A%9B%E8%AE%BE%E5%A4%87%E6%9C%89%E9%99%90%E5%85%AC%E5%8F%B8#base> (referer: https://www.qcc.com/search?key=%E5%B1%B1%E4%B8%9C%E7%94%B5%E5%8A%9B%E8%AE%BE%E5%A4%87%E6%9C%89%E9%99%90%E5%85%AC%E5%8F%B8)
Traceback (most recent call last):
  File "C:\Users\Administrator\Envs\myscrapy_py3\lib\site-packages\twisted\internet\defer.py", line 654, in _runCallbacks
    current.result = callback(current.result, *args, **kw)
  File "D:\杨\qccscrapy\qichacha\qichacha\spiders\qcc.py", line 60, in gd_parse
    companyname = response.xpath('//div[@class="content"]/div[1]/h1/text()').extract_first().strip().replace('\n','')
AttributeError: 'NoneType' object has no attribute 'strip'
2020-06-04 09:47:59 [root] WARNING: 11111111111111
2020-06-04 09:47:59 [scrapy.core.scraper] ERROR: Spider error processing <GET https://www.qcc.com/search?key=%E5%B9%B3%E9%AB%98%E9%9B%86%E5%9B%A2%E6%9C%89%E9%99%90%E5%85%AC%E5%8F%B8#base> (referer: https://www.qcc.com/search?key=%E5%B9%B3%E9%AB%98%E9%9B%86%E5%9B%A2%E6%9C%89%E9%99%90%E5%85%AC%E5%8F%B8)
Traceback (most recent call last):
  File "C:\Users\Administrator\Envs\myscrapy_py3\lib\site-packages\twisted\internet\defer.py", line 654, in _runCallbacks
    current.result = callback(current.result, *args, **kw)
  File "D:\杨\qccscrapy\qichacha\qichacha\spiders\qcc.py", line 60, in gd_parse
    companyname = response.xpath('//div[@class="content"]/div[1]/h1/text()').extract_first().strip().replace('\n','')
AttributeError: 'NoneType' object has no attribute 'strip'
2020-06-04 09:48:07 [root] WARNING: 11111111111111
2020-06-04 09:48:07 [scrapy.core.scraper] ERROR: Spider error processing <GET https://www.qcc.com/search?key=%E6%80%9D%E6%BA%90%E7%94%B5%E6%B0%94%E8%82%A1%E4%BB%BD%E6%9C%89%E9%99%90%E5%85%AC%E5%8F%B8#base> (referer: https://www.qcc.com/search?key=%E6%80%9D%E6%BA%90%E7%94%B5%E6%B0%94%E8%82%A1%E4%BB%BD%E6%9C%89%E9%99%90%E5%85%AC%E5%8F%B8)
Traceback (most recent call last):
  File "C:\Users\Administrator\Envs\myscrapy_py3\lib\site-packages\twisted\internet\defer.py", line 654, in _runCallbacks
    current.result = callback(current.result, *args, **kw)
  File "D:\杨\qccscrapy\qichacha\qichacha\spiders\qcc.py", line 60, in gd_parse
    companyname = response.xpath('//div[@class="content"]/div[1]/h1/text()').extract_first().strip().replace('\n','')
AttributeError: 'NoneType' object has no attribute 'strip'
2020-06-04 09:48:15 [root] WARNING: 11111111111111
2020-06-04 09:48:15 [scrapy.core.scraper] ERROR: Spider error processing <GET https://www.qcc.com/search?key=%E7%89%B9%E5%8F%98%E7%94%B5%E5%B7%A5%E5%B1%B1%E4%B8%9C%E9%B2%81%E8%83%BD%E6%B3%B0%E5%B1%B1%E7%94%B5%E7%BC%86%E6%9C%89%E9%99%90%E5%85%AC%E5%8F%B8#base> (referer: https://www.qcc.com/search?key=%E7%89%B9%E5%8F%98%E7%94%B5%E5%B7%A5%E5%B1%B1%E4%B8%9C%E9%B2%81%E8%83%BD%E6%B3%B0%E5%B1%B1%E7%94%B5%E7%BC%86%E6%9C%89%E9%99%90%E5%85%AC%E5%8F%B8)
Traceback (most recent call last):
  File "C:\Users\Administrator\Envs\myscrapy_py3\lib\site-packages\twisted\internet\defer.py", line 654, in _runCallbacks
    current.result = callback(current.result, *args, **kw)
  File "D:\杨\qccscrapy\qichacha\qichacha\spiders\qcc.py", line 60, in gd_parse
    companyname = response.xpath('//div[@class="content"]/div[1]/h1/text()').extract_first().strip().replace('\n','')
AttributeError: 'NoneType' object has no attribute 'strip'
2020-06-04 09:48:23 [root] WARNING: 11111111111111
2020-06-04 09:48:23 [scrapy.core.scraper] ERROR: Spider error processing <GET https://www.qcc.com/search?key=%E6%B2%B3%E5%8D%97%E5%B9%B3%E9%AB%98%E7%94%B5%E6%B0%94%E8%82%A1%E4%BB%BD%E6%9C%89%E9%99%90%E5%85%AC%E5%8F%B8#base> (referer: https://www.qcc.com/search?key=%E6%B2%B3%E5%8D%97%E5%B9%B3%E9%AB%98%E7%94%B5%E6%B0%94%E8%82%A1%E4%BB%BD%E6%9C%89%E9%99%90%E5%85%AC%E5%8F%B8)
Traceback (most recent call last):
  File "C:\Users\Administrator\Envs\myscrapy_py3\lib\site-packages\twisted\internet\defer.py", line 654, in _runCallbacks
    current.result = callback(current.result, *args, **kw)
  File "D:\杨\qccscrapy\qichacha\qichacha\spiders\qcc.py", line 60, in gd_parse
    companyname = response.xpath('//div[@class="content"]/div[1]/h1/text()').extract_first().strip().replace('\n','')
AttributeError: 'NoneType' object has no attribute 'strip'
2020-06-04 09:48:27 [root] WARNING: 11111111111111
2020-06-04 09:48:27 [scrapy.core.scraper] ERROR: Spider error processing <GET https://www.qcc.com/search?key=%E5%A4%A7%E8%BF%9E%E4%B8%89%E5%8F%8B%E7%94%B5%E5%99%A8%E8%AE%BE%E5%A4%87%E6%9C%89%E9%99%90%E5%85%AC%E5%8F%B8#base> (referer: https://www.qcc.com/search?key=%E5%A4%A7%E8%BF%9E%E4%B8%89%E5%8F%8B%E7%94%B5%E5%99%A8%E8%AE%BE%E5%A4%87%E6%9C%89%E9%99%90%E5%85%AC%E5%8F%B8)
Traceback (most recent call last):
  File "C:\Users\Administrator\Envs\myscrapy_py3\lib\site-packages\twisted\internet\defer.py", line 654, in _runCallbacks
    current.result = callback(current.result, *args, **kw)
  File "D:\杨\qccscrapy\qichacha\qichacha\spiders\qcc.py", line 60, in gd_parse
    companyname = response.xpath('//div[@class="content"]/div[1]/h1/text()').extract_first().strip().replace('\n','')
AttributeError: 'NoneType' object has no attribute 'strip'
2020-06-04 09:48:36 [root] WARNING: 11111111111111
2020-06-04 09:48:36 [scrapy.core.scraper] ERROR: Spider error processing <GET https://www.qcc.com/search?key=%E9%9D%92%E5%B2%9B%E9%AB%98%E7%A7%91%E9%80%9A%E4%BF%A1%E8%82%A1%E4%BB%BD%E6%9C%89%E9%99%90%E5%85%AC%E5%8F%B8#base> (referer: https://www.qcc.com/search?key=%E9%9D%92%E5%B2%9B%E9%AB%98%E7%A7%91%E9%80%9A%E4%BF%A1%E8%82%A1%E4%BB%BD%E6%9C%89%E9%99%90%E5%85%AC%E5%8F%B8)
Traceback (most recent call last):
  File "C:\Users\Administrator\Envs\myscrapy_py3\lib\site-packages\twisted\internet\defer.py", line 654, in _runCallbacks
    current.result = callback(current.result, *args, **kw)
  File "D:\杨\qccscrapy\qichacha\qichacha\spiders\qcc.py", line 60, in gd_parse
    companyname = response.xpath('//div[@class="content"]/div[1]/h1/text()').extract_first().strip().replace('\n','')
AttributeError: 'NoneType' object has no attribute 'strip'
2020-06-04 09:48:48 [root] WARNING: 11111111111111
2020-06-04 09:48:48 [scrapy.core.scraper] ERROR: Spider error processing <GET https://www.qcc.com/search?key=%E8%A5%BF%E5%AE%89%E8%A5%BF%E7%94%B5%E9%AB%98%E5%8E%8B%E5%BC%80%E5%85%B3%E6%9C%89%E9%99%90%E8%B4%A3%E4%BB%BB%E5%85%AC%E5%8F%B8#base> (referer: https://www.qcc.com/search?key=%E8%A5%BF%E5%AE%89%E8%A5%BF%E7%94%B5%E9%AB%98%E5%8E%8B%E5%BC%80%E5%85%B3%E6%9C%89%E9%99%90%E8%B4%A3%E4%BB%BB%E5%85%AC%E5%8F%B8)
Traceback (most recent call last):
  File "C:\Users\Administrator\Envs\myscrapy_py3\lib\site-packages\twisted\internet\defer.py", line 654, in _runCallbacks
    current.result = callback(current.result, *args, **kw)
  File "D:\杨\qccscrapy\qichacha\qichacha\spiders\qcc.py", line 60, in gd_parse
    companyname = response.xpath('//div[@class="content"]/div[1]/h1/text()').extract_first().strip().replace('\n','')
AttributeError: 'NoneType' object has no attribute 'strip'
2020-06-04 09:48:56 [root] WARNING: 11111111111111
2020-06-04 09:48:56 [scrapy.core.scraper] ERROR: Spider error processing <GET https://www.qcc.com/search?key=%E5%A4%A9%E6%B4%A5%E5%B9%B3%E9%AB%98%E6%99%BA%E8%83%BD%E7%94%B5%E6%B0%94%E6%9C%89%E9%99%90%E5%85%AC%E5%8F%B8#base> (referer: https://www.qcc.com/search?key=%E5%A4%A9%E6%B4%A5%E5%B9%B3%E9%AB%98%E6%99%BA%E8%83%BD%E7%94%B5%E6%B0%94%E6%9C%89%E9%99%90%E5%85%AC%E5%8F%B8)
Traceback (most recent call last):
  File "C:\Users\Administrator\Envs\myscrapy_py3\lib\site-packages\twisted\internet\defer.py", line 654, in _runCallbacks
    current.result = callback(current.result, *args, **kw)
  File "D:\杨\qccscrapy\qichacha\qichacha\spiders\qcc.py", line 60, in gd_parse
    companyname = response.xpath('//div[@class="content"]/div[1]/h1/text()').extract_first().strip().replace('\n','')
AttributeError: 'NoneType' object has no attribute 'strip'
2020-06-04 09:49:04 [root] WARNING: 11111111111111
2020-06-04 09:49:04 [scrapy.core.scraper] ERROR: Spider error processing <GET https://www.qcc.com/search?key=%E5%AE%89%E5%BE%BD%E7%BB%A7%E8%BF%9C%E8%BD%AF%E4%BB%B6%E6%9C%89%E9%99%90%E5%85%AC%E5%8F%B8#base> (referer: https://www.qcc.com/search?key=%E5%AE%89%E5%BE%BD%E7%BB%A7%E8%BF%9C%E8%BD%AF%E4%BB%B6%E6%9C%89%E9%99%90%E5%85%AC%E5%8F%B8)
Traceback (most recent call last):
  File "C:\Users\Administrator\Envs\myscrapy_py3\lib\site-packages\twisted\internet\defer.py", line 654, in _runCallbacks
    current.result = callback(current.result, *args, **kw)
  File "D:\杨\qccscrapy\qichacha\qichacha\spiders\qcc.py", line 60, in gd_parse
    companyname = response.xpath('//div[@class="content"]/div[1]/h1/text()').extract_first().strip().replace('\n','')
AttributeError: 'NoneType' object has no attribute 'strip'
2020-06-04 09:49:16 [root] WARNING: 11111111111111
2020-06-04 09:49:16 [scrapy.core.scraper] ERROR: Spider error processing <GET https://www.qcc.com/search?key=%E8%AE%B8%E7%BB%A7(%E5%8E%A6%E9%97%A8)%E6%99%BA%E8%83%BD%E7%94%B5%E5%8A%9B%E8%AE%BE%E5%A4%87%E8%82%A1%E4%BB%BD%E6%9C%89%E9%99%90%E5%85%AC%E5%8F%B8#base> (referer: https://www.qcc.com/search?key=%E8%AE%B8%E7%BB%A7(%E5%8E%A6%E9%97%A8)%E6%99%BA%E8%83%BD%E7%94%B5%E5%8A%9B%E8%AE%BE%E5%A4%87%E8%82%A1%E4%BB%BD%E6%9C%89%E9%99%90%E5%85%AC%E5%8F%B8)
Traceback (most recent call last):
  File "C:\Users\Administrator\Envs\myscrapy_py3\lib\site-packages\twisted\internet\defer.py", line 654, in _runCallbacks
    current.result = callback(current.result, *args, **kw)
  File "D:\杨\qccscrapy\qichacha\qichacha\spiders\qcc.py", line 60, in gd_parse
    companyname = response.xpath('//div[@class="content"]/div[1]/h1/text()').extract_first().strip().replace('\n','')
AttributeError: 'NoneType' object has no attribute 'strip'
2020-06-04 09:49:25 [root] WARNING: 11111111111111
2020-06-04 09:49:25 [scrapy.core.scraper] ERROR: Spider error processing <GET https://www.qcc.com/search?key=%E6%B5%99%E6%B1%9F%E6%99%A8%E5%85%89%E7%94%B5%E7%BC%86%E8%82%A1%E4%BB%BD%E6%9C%89%E9%99%90%E5%85%AC%E5%8F%B8#base> (referer: https://www.qcc.com/search?key=%E6%B5%99%E6%B1%9F%E6%99%A8%E5%85%89%E7%94%B5%E7%BC%86%E8%82%A1%E4%BB%BD%E6%9C%89%E9%99%90%E5%85%AC%E5%8F%B8)
Traceback (most recent call last):
  File "C:\Users\Administrator\Envs\myscrapy_py3\lib\site-packages\twisted\internet\defer.py", line 654, in _runCallbacks
    current.result = callback(current.result, *args, **kw)
  File "D:\杨\qccscrapy\qichacha\qichacha\spiders\qcc.py", line 60, in gd_parse
    companyname = response.xpath('//div[@class="content"]/div[1]/h1/text()').extract_first().strip().replace('\n','')
AttributeError: 'NoneType' object has no attribute 'strip'
2020-06-04 09:49:37 [root] WARNING: 11111111111111
2020-06-04 09:49:37 [scrapy.core.scraper] ERROR: Spider error processing <GET https://www.qcc.com/search?key=%E6%B1%9F%E8%8B%8F%E5%A4%A7%E5%85%A8%E9%95%BF%E6%B1%9F%E7%94%B5%E5%99%A8%E8%82%A1%E4%BB%BD%E6%9C%89%E9%99%90%E5%85%AC%E5%8F%B8#base> (referer: https://www.qcc.com/search?key=%E6%B1%9F%E8%8B%8F%E5%A4%A7%E5%85%A8%E9%95%BF%E6%B1%9F%E7%94%B5%E5%99%A8%E8%82%A1%E4%BB%BD%E6%9C%89%E9%99%90%E5%85%AC%E5%8F%B8)
Traceback (most recent call last):
  File "C:\Users\Administrator\Envs\myscrapy_py3\lib\site-packages\twisted\internet\defer.py", line 654, in _runCallbacks
    current.result = callback(current.result, *args, **kw)
  File "D:\杨\qccscrapy\qichacha\qichacha\spiders\qcc.py", line 60, in gd_parse
    companyname = response.xpath('//div[@class="content"]/div[1]/h1/text()').extract_first().strip().replace('\n','')
AttributeError: 'NoneType' object has no attribute 'strip'
2020-06-04 09:49:50 [root] WARNING: 11111111111111
2020-06-04 09:49:50 [scrapy.core.scraper] ERROR: Spider error processing <GET https://www.qcc.com/search?key=%E8%A5%BF%E7%94%B5%E9%99%95%E8%A5%BF%E9%99%95%E5%BC%80%E7%94%B5%E5%99%A8%E9%9B%86%E5%9B%A2%E6%9C%89%E9%99%90%E5%85%AC%E5%8F%B8#base> (referer: https://www.qcc.com/search?key=%E8%A5%BF%E7%94%B5%E9%99%95%E8%A5%BF%E9%99%95%E5%BC%80%E7%94%B5%E5%99%A8%E9%9B%86%E5%9B%A2%E6%9C%89%E9%99%90%E5%85%AC%E5%8F%B8)
Traceback (most recent call last):
  File "C:\Users\Administrator\Envs\myscrapy_py3\lib\site-packages\twisted\internet\defer.py", line 654, in _runCallbacks
    current.result = callback(current.result, *args, **kw)
  File "D:\杨\qccscrapy\qichacha\qichacha\spiders\qcc.py", line 60, in gd_parse
    companyname = response.xpath('//div[@class="content"]/div[1]/h1/text()').extract_first().strip().replace('\n','')
AttributeError: 'NoneType' object has no attribute 'strip'
2020-06-04 09:50:01 [root] WARNING: 11111111111111
2020-06-04 09:50:01 [scrapy.core.scraper] ERROR: Spider error processing <GET https://www.qcc.com/search?key=%E6%99%AE%E7%9D%BF%E5%8F%B8%E6%9B%BC%E7%94%B5%E7%BC%86(%E4%B8%8A%E6%B5%B7)%E6%9C%89%E9%99%90%E5%85%AC%E5%8F%B8#base> (referer: https://www.qcc.com/search?key=%E6%99%AE%E7%9D%BF%E5%8F%B8%E6%9B%BC%E7%94%B5%E7%BC%86(%E4%B8%8A%E6%B5%B7)%E6%9C%89%E9%99%90%E5%85%AC%E5%8F%B8)
Traceback (most recent call last):
  File "C:\Users\Administrator\Envs\myscrapy_py3\lib\site-packages\twisted\internet\defer.py", line 654, in _runCallbacks
    current.result = callback(current.result, *args, **kw)
  File "D:\杨\qccscrapy\qichacha\qichacha\spiders\qcc.py", line 60, in gd_parse
    companyname = response.xpath('//div[@class="content"]/div[1]/h1/text()').extract_first().strip().replace('\n','')
AttributeError: 'NoneType' object has no attribute 'strip'
2020-06-04 09:50:09 [root] WARNING: 11111111111111
2020-06-04 09:50:09 [scrapy.core.scraper] ERROR: Spider error processing <GET https://www.qcc.com/search?key=%E5%B1%B1%E4%B8%9C%E6%B3%B0%E5%BC%80%E6%88%90%E5%A5%97%E7%94%B5%E5%99%A8%E6%9C%89%E9%99%90%E5%85%AC%E5%8F%B8#base> (referer: https://www.qcc.com/search?key=%E5%B1%B1%E4%B8%9C%E6%B3%B0%E5%BC%80%E6%88%90%E5%A5%97%E7%94%B5%E5%99%A8%E6%9C%89%E9%99%90%E5%85%AC%E5%8F%B8)
Traceback (most recent call last):
  File "C:\Users\Administrator\Envs\myscrapy_py3\lib\site-packages\twisted\internet\defer.py", line 654, in _runCallbacks
    current.result = callback(current.result, *args, **kw)
  File "D:\杨\qccscrapy\qichacha\qichacha\spiders\qcc.py", line 60, in gd_parse
    companyname = response.xpath('//div[@class="content"]/div[1]/h1/text()').extract_first().strip().replace('\n','')
AttributeError: 'NoneType' object has no attribute 'strip'
2020-06-04 09:50:21 [root] WARNING: 11111111111111
2020-06-04 09:50:21 [scrapy.core.scraper] ERROR: Spider error processing <GET https://www.qcc.com/search?key=%E5%B9%BF%E5%B7%9E%E7%99%BD%E4%BA%91%E7%94%B5%E5%99%A8%E8%AE%BE%E5%A4%87%E8%82%A1%E4%BB%BD%E6%9C%89%E9%99%90%E5%85%AC%E5%8F%B8#base> (referer: https://www.qcc.com/search?key=%E5%B9%BF%E5%B7%9E%E7%99%BD%E4%BA%91%E7%94%B5%E5%99%A8%E8%AE%BE%E5%A4%87%E8%82%A1%E4%BB%BD%E6%9C%89%E9%99%90%E5%85%AC%E5%8F%B8)
Traceback (most recent call last):
  File "C:\Users\Administrator\Envs\myscrapy_py3\lib\site-packages\twisted\internet\defer.py", line 654, in _runCallbacks
    current.result = callback(current.result, *args, **kw)
  File "D:\杨\qccscrapy\qichacha\qichacha\spiders\qcc.py", line 60, in gd_parse
    companyname = response.xpath('//div[@class="content"]/div[1]/h1/text()').extract_first().strip().replace('\n','')
AttributeError: 'NoneType' object has no attribute 'strip'
2020-06-04 09:50:29 [root] WARNING: 11111111111111
2020-06-04 09:50:29 [scrapy.core.scraper] ERROR: Spider error processing <GET https://www.qcc.com/search?key=%E7%89%B9%E5%8F%98%E7%94%B5%E5%B7%A5%E8%A1%A1%E9%98%B3%E5%8F%98%E5%8E%8B%E5%99%A8%E6%9C%89%E9%99%90%E5%85%AC%E5%8F%B8#base> (referer: https://www.qcc.com/search?key=%E7%89%B9%E5%8F%98%E7%94%B5%E5%B7%A5%E8%A1%A1%E9%98%B3%E5%8F%98%E5%8E%8B%E5%99%A8%E6%9C%89%E9%99%90%E5%85%AC%E5%8F%B8)
Traceback (most recent call last):
  File "C:\Users\Administrator\Envs\myscrapy_py3\lib\site-packages\twisted\internet\defer.py", line 654, in _runCallbacks
    current.result = callback(current.result, *args, **kw)
  File "D:\杨\qccscrapy\qichacha\qichacha\spiders\qcc.py", line 60, in gd_parse
    companyname = response.xpath('//div[@class="content"]/div[1]/h1/text()').extract_first().strip().replace('\n','')
AttributeError: 'NoneType' object has no attribute 'strip'
2020-06-04 09:50:34 [root] WARNING: 11111111111111
2020-06-04 09:50:34 [scrapy.core.scraper] ERROR: Spider error processing <GET https://www.qcc.com/search?key=%E5%B1%B1%E4%B8%9C%E6%B3%B0%E5%BC%80%E9%AB%98%E5%8E%8B%E5%BC%80%E5%85%B3%E6%9C%89%E9%99%90%E5%85%AC%E5%8F%B8#base> (referer: https://www.qcc.com/search?key=%E5%B1%B1%E4%B8%9C%E6%B3%B0%E5%BC%80%E9%AB%98%E5%8E%8B%E5%BC%80%E5%85%B3%E6%9C%89%E9%99%90%E5%85%AC%E5%8F%B8)
Traceback (most recent call last):
  File "C:\Users\Administrator\Envs\myscrapy_py3\lib\site-packages\twisted\internet\defer.py", line 654, in _runCallbacks
    current.result = callback(current.result, *args, **kw)
  File "D:\杨\qccscrapy\qichacha\qichacha\spiders\qcc.py", line 60, in gd_parse
    companyname = response.xpath('//div[@class="content"]/div[1]/h1/text()').extract_first().strip().replace('\n','')
AttributeError: 'NoneType' object has no attribute 'strip'
2020-06-04 09:50:42 [root] WARNING: 11111111111111
2020-06-04 09:50:42 [scrapy.core.scraper] ERROR: Spider error processing <GET https://www.qcc.com/search?key=%E5%AE%81%E6%B3%A2%E5%A5%A5%E5%85%8B%E6%96%AF%E9%AB%98%E7%A7%91%E6%8A%80%E6%9C%89%E9%99%90%E5%85%AC%E5%8F%B8#base> (referer: https://www.qcc.com/search?key=%E5%AE%81%E6%B3%A2%E5%A5%A5%E5%85%8B%E6%96%AF%E9%AB%98%E7%A7%91%E6%8A%80%E6%9C%89%E9%99%90%E5%85%AC%E5%8F%B8)
Traceback (most recent call last):
  File "C:\Users\Administrator\Envs\myscrapy_py3\lib\site-packages\twisted\internet\defer.py", line 654, in _runCallbacks
    current.result = callback(current.result, *args, **kw)
  File "D:\杨\qccscrapy\qichacha\qichacha\spiders\qcc.py", line 60, in gd_parse
    companyname = response.xpath('//div[@class="content"]/div[1]/h1/text()').extract_first().strip().replace('\n','')
AttributeError: 'NoneType' object has no attribute 'strip'
2020-06-04 09:50:50 [root] WARNING: 11111111111111
2020-06-04 09:50:50 [scrapy.core.scraper] ERROR: Spider error processing <GET https://www.qcc.com/search?key=%E8%A5%BF%E5%AE%89%E8%A5%BF%E7%94%B5%E9%AB%98%E5%8E%8B%E7%94%B5%E7%93%B7%E6%9C%89%E9%99%90%E8%B4%A3%E4%BB%BB%E5%85%AC%E5%8F%B8#base> (referer: https://www.qcc.com/search?key=%E8%A5%BF%E5%AE%89%E8%A5%BF%E7%94%B5%E9%AB%98%E5%8E%8B%E7%94%B5%E7%93%B7%E6%9C%89%E9%99%90%E8%B4%A3%E4%BB%BB%E5%85%AC%E5%8F%B8)
Traceback (most recent call last):
  File "C:\Users\Administrator\Envs\myscrapy_py3\lib\site-packages\twisted\internet\defer.py", line 654, in _runCallbacks
    current.result = callback(current.result, *args, **kw)
  File "D:\杨\qccscrapy\qichacha\qichacha\spiders\qcc.py", line 60, in gd_parse
    companyname = response.xpath('//div[@class="content"]/div[1]/h1/text()').extract_first().strip().replace('\n','')
AttributeError: 'NoneType' object has no attribute 'strip'
2020-06-04 09:50:58 [root] WARNING: 11111111111111
2020-06-04 09:50:58 [scrapy.core.scraper] ERROR: Spider error processing <GET https://www.qcc.com/search?key=%E6%B1%9F%E8%8B%8FABB%E7%B2%BE%E7%A7%91%E4%BA%92%E6%84%9F%E5%99%A8%E6%9C%89%E9%99%90%E5%85%AC%E5%8F%B8#base> (referer: https://www.qcc.com/search?key=%E6%B1%9F%E8%8B%8FABB%E7%B2%BE%E7%A7%91%E4%BA%92%E6%84%9F%E5%99%A8%E6%9C%89%E9%99%90%E5%85%AC%E5%8F%B8)
Traceback (most recent call last):
  File "C:\Users\Administrator\Envs\myscrapy_py3\lib\site-packages\twisted\internet\defer.py", line 654, in _runCallbacks
    current.result = callback(current.result, *args, **kw)
  File "D:\杨\qccscrapy\qichacha\qichacha\spiders\qcc.py", line 60, in gd_parse
    companyname = response.xpath('//div[@class="content"]/div[1]/h1/text()').extract_first().strip().replace('\n','')
AttributeError: 'NoneType' object has no attribute 'strip'
2020-06-04 09:51:03 [root] WARNING: 11111111111111
2020-06-04 09:51:03 [scrapy.core.scraper] ERROR: Spider error processing <GET https://www.qcc.com/search?key=%E6%9D%AD%E5%B7%9E%E5%8D%8E%E6%96%B0%E7%94%B5%E5%8A%9B%E7%BA%BF%E7%BC%86%E6%9C%89%E9%99%90%E5%85%AC%E5%8F%B8#base> (referer: https://www.qcc.com/search?key=%E6%9D%AD%E5%B7%9E%E5%8D%8E%E6%96%B0%E7%94%B5%E5%8A%9B%E7%BA%BF%E7%BC%86%E6%9C%89%E9%99%90%E5%85%AC%E5%8F%B8)
Traceback (most recent call last):
  File "C:\Users\Administrator\Envs\myscrapy_py3\lib\site-packages\twisted\internet\defer.py", line 654, in _runCallbacks
    current.result = callback(current.result, *args, **kw)
  File "D:\杨\qccscrapy\qichacha\qichacha\spiders\qcc.py", line 60, in gd_parse
    companyname = response.xpath('//div[@class="content"]/div[1]/h1/text()').extract_first().strip().replace('\n','')
AttributeError: 'NoneType' object has no attribute 'strip'
2020-06-04 09:52:56 [root] WARNING: 11111111111111
2020-06-04 09:52:56 [root] WARNING: 11111111111111
2020-06-04 09:53:15 [root] WARNING: 11111111111111
2020-06-04 09:53:22 [root] WARNING: 11111111111111
2020-06-04 09:53:39 [root] WARNING: 11111111111111
2020-06-04 09:53:56 [root] WARNING: 11111111111111
2020-06-04 09:54:06 [root] WARNING: 11111111111111
2020-06-04 09:54:10 [root] WARNING: 11111111111111
2020-06-04 09:54:19 [root] WARNING: 11111111111111
2020-06-04 09:54:25 [root] WARNING: 11111111111111
2020-06-04 09:54:29 [root] WARNING: 11111111111111
2020-06-04 09:54:43 [root] WARNING: 11111111111111
2020-06-04 09:54:51 [root] WARNING: 11111111111111
2020-06-04 09:54:57 [root] WARNING: 11111111111111
2020-06-04 09:55:05 [root] WARNING: 11111111111111
2020-06-04 09:55:11 [root] WARNING: 11111111111111
2020-06-04 09:55:15 [root] WARNING: 11111111111111
2020-06-04 09:55:25 [root] WARNING: 11111111111111
2020-06-04 09:55:38 [root] WARNING: 11111111111111
2020-06-04 09:55:59 [root] WARNING: 11111111111111
2020-06-04 09:56:04 [root] WARNING: 11111111111111
2020-06-04 09:56:21 [root] WARNING: 11111111111111
2020-06-04 09:56:39 [root] WARNING: 11111111111111
2020-06-04 09:56:50 [root] WARNING: 11111111111111
2020-06-04 09:56:55 [root] WARNING: 11111111111111
2020-06-04 09:57:04 [root] WARNING: 11111111111111
2020-06-04 09:57:09 [root] WARNING: 11111111111111
2020-06-04 09:57:13 [root] WARNING: 11111111111111
2020-06-04 09:57:26 [root] WARNING: 11111111111111
2020-06-04 09:57:31 [root] WARNING: 11111111111111
2020-06-04 09:57:36 [root] WARNING: 11111111111111
2020-06-04 09:57:45 [root] WARNING: 11111111111111
2020-06-04 09:57:50 [root] WARNING: 11111111111111
2020-06-04 09:57:55 [root] WARNING: 11111111111111
2020-06-04 09:58:03 [root] WARNING: 11111111111111
2020-06-04 09:58:16 [root] WARNING: 11111111111111
2020-06-04 09:58:33 [root] WARNING: 11111111111111
2020-06-04 09:58:38 [root] WARNING: 11111111111111
2020-06-04 09:58:57 [root] WARNING: 11111111111111
2020-06-04 09:59:17 [root] WARNING: 11111111111111
2020-06-04 09:59:26 [root] WARNING: 11111111111111
2020-06-04 09:59:32 [root] WARNING: 11111111111111
2020-06-04 09:59:41 [root] WARNING: 11111111111111
2020-06-04 09:59:45 [root] WARNING: 11111111111111
2020-06-04 09:59:50 [root] WARNING: 11111111111111
2020-06-04 10:00:03 [root] WARNING: 11111111111111
2020-06-04 10:00:08 [root] WARNING: 11111111111111
2020-06-04 10:00:12 [root] WARNING: 11111111111111
2020-06-04 10:00:21 [root] WARNING: 11111111111111
2020-06-04 10:00:26 [root] WARNING: 11111111111111
2020-06-04 10:00:31 [root] WARNING: 11111111111111
2020-06-04 10:00:40 [root] WARNING: 11111111111111
2020-06-04 10:00:53 [root] WARNING: 11111111111111
2020-06-04 10:01:12 [root] WARNING: 11111111111111
2020-06-04 10:01:19 [root] WARNING: 11111111111111
2020-06-04 10:01:38 [root] WARNING: 11111111111111
2020-06-04 10:01:57 [root] WARNING: 11111111111111
2020-06-04 10:02:06 [root] WARNING: 11111111111111
2020-06-04 10:02:11 [root] WARNING: 11111111111111
2020-06-04 10:02:20 [root] WARNING: 11111111111111
2020-06-04 10:02:24 [root] WARNING: 11111111111111
2020-06-04 10:02:29 [root] WARNING: 11111111111111
2020-06-04 10:02:44 [root] WARNING: 11111111111111
2020-06-04 10:02:51 [root] WARNING: 11111111111111
2020-06-04 10:02:51 [root] WARNING: 广西送变电建设有限责任公司铁塔厂    没有股东信息
2020-06-04 10:02:57 [root] WARNING: 11111111111111
2020-06-04 10:03:07 [root] WARNING: 11111111111111
2020-06-04 10:03:12 [root] WARNING: 11111111111111
2020-06-04 10:03:17 [root] WARNING: 11111111111111
2020-06-04 10:03:27 [root] WARNING: 11111111111111
2020-06-04 10:03:40 [root] WARNING: 11111111111111
2020-06-04 10:03:57 [root] WARNING: 11111111111111
2020-06-04 10:04:02 [root] WARNING: 11111111111111
2020-06-04 10:04:19 [root] WARNING: 11111111111111
2020-06-04 10:04:37 [root] WARNING: 11111111111111
2020-06-04 10:04:48 [root] WARNING: 11111111111111
2020-06-04 10:04:53 [root] WARNING: 11111111111111
2020-06-04 10:05:02 [root] WARNING: 11111111111111
2020-06-04 10:05:07 [root] WARNING: 11111111111111
2020-06-04 10:05:13 [root] WARNING: 11111111111111
2020-06-04 10:05:27 [root] WARNING: 11111111111111
2020-06-04 10:05:35 [root] WARNING: 11111111111111
2020-06-04 10:05:40 [root] WARNING: 11111111111111
2020-06-04 10:05:49 [root] WARNING: 11111111111111
2020-06-04 10:05:53 [root] WARNING: 11111111111111
2020-06-04 10:05:58 [root] WARNING: 11111111111111
2020-06-04 10:06:07 [root] WARNING: 11111111111111
2020-06-04 10:06:20 [root] WARNING: 11111111111111
2020-06-04 10:06:37 [root] WARNING: 11111111111111
2020-06-04 10:06:43 [root] WARNING: 11111111111111
2020-06-04 10:07:00 [root] WARNING: 11111111111111
2020-06-04 10:07:17 [root] WARNING: 11111111111111
2020-06-04 10:07:26 [root] WARNING: 11111111111111
2020-06-04 10:07:31 [root] WARNING: 11111111111111
2020-06-04 10:07:40 [root] WARNING: 11111111111111
2020-06-04 10:07:45 [root] WARNING: 11111111111111
2020-06-04 10:07:51 [root] WARNING: 11111111111111
2020-06-04 10:08:04 [root] WARNING: 11111111111111
2020-06-04 10:08:08 [root] WARNING: 11111111111111
2020-06-04 10:08:13 [root] WARNING: 11111111111111
2020-06-04 10:08:22 [root] WARNING: 11111111111111
2020-06-04 10:08:28 [root] WARNING: 11111111111111
2020-06-04 10:08:33 [root] WARNING: 11111111111111
2020-06-04 10:08:42 [root] WARNING: 11111111111111
2020-06-04 10:08:56 [root] WARNING: 11111111111111
2020-06-04 10:09:12 [root] WARNING: 11111111111111
2020-06-04 10:09:17 [root] WARNING: 11111111111111
2020-06-04 10:09:34 [root] WARNING: 11111111111111
2020-06-04 10:09:52 [root] WARNING: 11111111111111
2020-06-04 10:10:04 [root] WARNING: 11111111111111
2020-06-04 10:10:09 [root] WARNING: 11111111111111
2020-06-04 10:10:18 [root] WARNING: 11111111111111
2020-06-04 10:10:22 [root] WARNING: 11111111111111
2020-06-04 10:10:22 [root] WARNING: 特变电工股份有限公司新疆变压器厂    没有股东信息
2020-06-04 10:10:27 [root] WARNING: 11111111111111
2020-06-04 10:10:40 [root] WARNING: 11111111111111
2020-06-04 10:10:45 [root] WARNING: 11111111111111
2020-06-04 10:10:50 [root] WARNING: 11111111111111
2020-06-04 10:10:59 [root] WARNING: 11111111111111
2020-06-04 10:11:03 [root] WARNING: 11111111111111
2020-06-04 10:11:08 [root] WARNING: 11111111111111
2020-06-04 10:11:17 [root] WARNING: 11111111111111
2020-06-04 10:11:30 [root] WARNING: 11111111111111
2020-06-04 10:11:47 [root] WARNING: 11111111111111
2020-06-04 10:11:52 [root] WARNING: 11111111111111
2020-06-04 10:12:09 [root] WARNING: 11111111111111
2020-06-04 10:12:26 [root] WARNING: 11111111111111
2020-06-04 10:12:35 [root] WARNING: 11111111111111
2020-06-04 10:12:40 [root] WARNING: 11111111111111
2020-06-04 10:12:49 [root] WARNING: 11111111111111
2020-06-04 10:12:53 [root] WARNING: 11111111111111
2020-06-04 10:12:58 [root] WARNING: 11111111111111
2020-06-04 10:13:11 [root] WARNING: 11111111111111
2020-06-04 10:13:16 [root] WARNING: 11111111111111
2020-06-04 10:13:21 [root] WARNING: 11111111111111
2020-06-04 10:13:30 [root] WARNING: 11111111111111
2020-06-04 10:13:34 [root] WARNING: 11111111111111
2020-06-04 10:13:39 [root] WARNING: 11111111111111
2020-06-04 10:13:48 [root] WARNING: 11111111111111
2020-06-04 10:14:02 [root] WARNING: 11111111111111
2020-06-04 10:14:22 [root] WARNING: 11111111111111
2020-06-04 10:14:27 [root] WARNING: 11111111111111
2020-06-04 10:14:44 [root] WARNING: 11111111111111
2020-06-04 10:15:05 [root] WARNING: 11111111111111
2020-06-04 10:15:14 [root] WARNING: 11111111111111
2020-06-04 10:15:18 [root] WARNING: 11111111111111
2020-06-04 10:15:27 [root] WARNING: 11111111111111
2020-06-04 10:15:32 [root] WARNING: 11111111111111
2020-06-04 10:15:37 [root] WARNING: 11111111111111
2020-06-04 10:15:50 [root] WARNING: 11111111111111
2020-06-04 10:15:55 [root] WARNING: 11111111111111
2020-06-04 10:16:00 [root] WARNING: 11111111111111
2020-06-04 10:16:08 [root] WARNING: 11111111111111
2020-06-04 10:16:13 [root] WARNING: 11111111111111
2020-06-04 10:16:18 [root] WARNING: 11111111111111
2020-06-04 10:16:27 [root] WARNING: 11111111111111
2020-06-04 10:16:39 [root] WARNING: 11111111111111
2020-06-04 10:16:58 [root] WARNING: 11111111111111
2020-06-04 10:17:05 [root] WARNING: 11111111111111
2020-06-04 10:17:24 [root] WARNING: 11111111111111
2020-06-04 10:17:44 [root] WARNING: 11111111111111
2020-06-04 10:17:53 [root] WARNING: 11111111111111
2020-06-04 10:17:57 [root] WARNING: 11111111111111
2020-06-04 10:18:06 [root] WARNING: 11111111111111
2020-06-04 10:18:11 [root] WARNING: 11111111111111
2020-06-04 10:18:16 [root] WARNING: 11111111111111
2020-06-04 10:18:29 [root] WARNING: 11111111111111
2020-06-04 10:18:33 [root] WARNING: 11111111111111
2020-06-04 10:18:38 [root] WARNING: 11111111111111
2020-06-04 10:18:47 [root] WARNING: 11111111111111
2020-06-04 10:18:51 [root] WARNING: 11111111111111
2020-06-04 10:18:56 [root] WARNING: 11111111111111
2020-06-04 10:19:05 [root] WARNING: 11111111111111
2020-06-04 10:19:17 [root] WARNING: 11111111111111
2020-06-04 10:19:36 [root] WARNING: 11111111111111
2020-06-04 10:19:42 [root] WARNING: 11111111111111
2020-06-04 10:19:59 [root] WARNING: 11111111111111
2020-06-04 10:20:18 [root] WARNING: 11111111111111
2020-06-04 10:20:30 [root] WARNING: 11111111111111
2020-06-04 10:20:35 [root] WARNING: 11111111111111
2020-06-04 10:20:44 [root] WARNING: 11111111111111
2020-06-04 10:20:49 [root] WARNING: 11111111111111
2020-06-04 10:20:53 [root] WARNING: 11111111111111
2020-06-04 10:21:06 [root] WARNING: 11111111111111
2020-06-04 10:21:11 [root] WARNING: 11111111111111
2020-06-04 10:21:16 [root] WARNING: 11111111111111
2020-06-04 10:21:24 [root] WARNING: 11111111111111
2020-06-04 10:21:29 [root] WARNING: 11111111111111
2020-06-04 10:21:34 [root] WARNING: 11111111111111
2020-06-04 10:21:42 [root] WARNING: 11111111111111
2020-06-04 10:21:55 [root] WARNING: 11111111111111
2020-06-04 10:22:12 [root] WARNING: 11111111111111
2020-06-04 10:22:17 [root] WARNING: 11111111111111
2020-06-04 10:22:35 [root] WARNING: 11111111111111
2020-06-04 10:22:55 [root] WARNING: 11111111111111
2020-06-04 10:23:04 [root] WARNING: 11111111111111
2020-06-04 10:23:08 [root] WARNING: 11111111111111
2020-06-04 10:23:17 [root] WARNING: 11111111111111
2020-06-04 10:23:22 [root] WARNING: 11111111111111
2020-06-04 10:23:26 [root] WARNING: 11111111111111
2020-06-04 10:23:40 [root] WARNING: 11111111111111
2020-06-04 10:23:44 [root] WARNING: 11111111111111
2020-06-04 10:23:49 [root] WARNING: 11111111111111
2020-06-04 10:23:58 [root] WARNING: 11111111111111
2020-06-04 10:24:02 [root] WARNING: 11111111111111
2020-06-04 10:24:07 [root] WARNING: 11111111111111
2020-06-04 10:24:16 [root] WARNING: 11111111111111
2020-06-04 10:24:29 [root] WARNING: 11111111111111
2020-06-04 10:24:48 [root] WARNING: 11111111111111
2020-06-04 10:24:55 [root] WARNING: 11111111111111
2020-06-04 10:25:13 [root] WARNING: 11111111111111
2020-06-04 10:25:33 [root] WARNING: 11111111111111
2020-06-04 10:25:42 [root] WARNING: 11111111111111
2020-06-04 10:25:46 [root] WARNING: 11111111111111
2020-06-04 10:25:55 [root] WARNING: 11111111111111
2020-06-04 10:26:00 [root] WARNING: 11111111111111
2020-06-04 10:26:04 [root] WARNING: 11111111111111
2020-06-04 10:26:18 [root] WARNING: 11111111111111
2020-06-04 10:26:26 [root] WARNING: 11111111111111
2020-06-04 10:26:30 [root] WARNING: 11111111111111
2020-06-04 10:26:39 [root] WARNING: 11111111111111
2020-06-04 10:26:44 [root] WARNING: 11111111111111
2020-06-04 10:26:49 [root] WARNING: 11111111111111
2020-06-04 10:26:57 [root] WARNING: 11111111111111
2020-06-04 10:27:10 [root] WARNING: 11111111111111
2020-06-04 10:27:28 [root] WARNING: 11111111111111
2020-06-04 10:27:34 [root] WARNING: 11111111111111
2020-06-04 10:27:51 [root] WARNING: 11111111111111
2020-06-04 10:28:08 [root] WARNING: 11111111111111
2020-06-04 10:28:16 [root] WARNING: 11111111111111
2020-06-04 10:28:21 [root] WARNING: 11111111111111
2020-06-04 10:28:30 [root] WARNING: 11111111111111
2020-06-04 10:28:30 [root] WARNING: 特变电工股份有限公司新疆线缆厂    没有股东信息
2020-06-04 10:28:35 [root] WARNING: 11111111111111
2020-06-04 10:28:39 [root] WARNING: 11111111111111
2020-06-04 10:28:52 [root] WARNING: 11111111111111
2020-06-04 10:28:57 [root] WARNING: 11111111111111
2020-06-04 10:29:02 [root] WARNING: 11111111111111
2020-06-04 10:29:11 [root] WARNING: 11111111111111
2020-06-04 10:29:15 [root] WARNING: 11111111111111
2020-06-04 10:29:20 [root] WARNING: 11111111111111
2020-06-04 10:29:29 [root] WARNING: 11111111111111
2020-06-04 10:29:42 [root] WARNING: 11111111111111
2020-06-04 10:29:59 [root] WARNING: 11111111111111
2020-06-04 10:30:07 [root] WARNING: 11111111111111
2020-06-04 10:30:24 [root] WARNING: 11111111111111
2020-06-04 10:30:43 [root] WARNING: 11111111111111
2020-06-04 10:30:55 [root] WARNING: 11111111111111
2020-06-04 10:30:59 [root] WARNING: 11111111111111
2020-06-04 10:31:08 [root] WARNING: 11111111111111
2020-06-04 10:31:12 [root] WARNING: 11111111111111
2020-06-04 10:31:18 [root] WARNING: 11111111111111
2020-06-04 10:31:31 [root] WARNING: 11111111111111
2020-06-04 10:31:36 [root] WARNING: 11111111111111
2020-06-04 10:31:40 [root] WARNING: 11111111111111
2020-06-04 10:31:49 [root] WARNING: 11111111111111
2020-06-04 10:31:54 [root] WARNING: 11111111111111
2020-06-04 10:31:59 [root] WARNING: 11111111111111
2020-06-04 10:32:07 [root] WARNING: 11111111111111
2020-06-04 10:32:21 [root] WARNING: 11111111111111
2020-06-04 10:32:42 [root] WARNING: 11111111111111
2020-06-04 10:32:49 [root] WARNING: 11111111111111
2020-06-04 10:33:06 [root] WARNING: 11111111111111
2020-06-04 10:33:23 [root] WARNING: 11111111111111
2020-06-04 10:33:32 [root] WARNING: 11111111111111
2020-06-04 10:33:37 [root] WARNING: 11111111111111
2020-06-04 10:33:46 [root] WARNING: 11111111111111
2020-06-04 10:33:51 [root] WARNING: 11111111111111
2020-06-04 10:33:56 [root] WARNING: 11111111111111
2020-06-04 10:34:10 [root] WARNING: 11111111111111
2020-06-04 10:34:18 [root] WARNING: 11111111111111
2020-06-04 10:34:23 [root] WARNING: 11111111111111
2020-06-04 10:34:32 [root] WARNING: 11111111111111
2020-06-04 10:34:37 [root] WARNING: 11111111111111
2020-06-04 10:34:42 [root] WARNING: 11111111111111
2020-06-04 10:34:51 [root] WARNING: 11111111111111
2020-06-04 10:35:04 [root] WARNING: 11111111111111
2020-06-04 10:35:21 [root] WARNING: 11111111111111
2020-06-04 10:35:26 [root] WARNING: 11111111111111
2020-06-04 10:35:44 [root] WARNING: 11111111111111
2020-06-04 10:36:05 [root] WARNING: 11111111111111
2020-06-04 10:36:17 [root] WARNING: 11111111111111
2020-06-04 10:36:23 [root] WARNING: 11111111111111
2020-06-04 10:36:32 [root] WARNING: 11111111111111
2020-06-04 10:36:37 [root] WARNING: 11111111111111
2020-06-04 10:36:42 [root] WARNING: 11111111111111
2020-06-04 10:36:56 [root] WARNING: 11111111111111
2020-06-04 10:37:03 [root] WARNING: 11111111111111
2020-06-04 10:37:08 [root] WARNING: 11111111111111
2020-06-04 10:37:17 [root] WARNING: 11111111111111
2020-06-04 10:37:22 [root] WARNING: 11111111111111
2020-06-04 10:37:27 [root] WARNING: 11111111111111
2020-06-04 10:37:36 [root] WARNING: 11111111111111
2020-06-04 10:37:48 [root] WARNING: 11111111111111
2020-06-04 10:38:07 [root] WARNING: 11111111111111
2020-06-04 10:38:15 [root] WARNING: 11111111111111
2020-06-04 10:38:32 [root] WARNING: 11111111111111
2020-06-04 10:38:51 [root] WARNING: 11111111111111
2020-06-04 10:39:03 [root] WARNING: 11111111111111
2020-06-04 10:39:09 [root] WARNING: 11111111111111
2020-06-04 10:39:18 [root] WARNING: 11111111111111
2020-06-04 10:39:22 [root] WARNING: 11111111111111
2020-06-04 10:39:28 [root] WARNING: 11111111111111
2020-06-04 10:39:41 [root] WARNING: 11111111111111
2020-06-04 10:39:46 [root] WARNING: 11111111111111
2020-06-04 10:39:51 [root] WARNING: 11111111111111
2020-06-04 10:40:00 [root] WARNING: 11111111111111
2020-06-04 10:40:05 [root] WARNING: 11111111111111
2020-06-04 10:40:10 [root] WARNING: 11111111111111
2020-06-04 10:40:19 [root] WARNING: 11111111111111
2020-06-04 10:40:32 [root] WARNING: 11111111111111
2020-06-04 10:40:49 [root] WARNING: 11111111111111
2020-06-04 10:40:54 [root] WARNING: 11111111111111
2020-06-04 10:41:11 [root] WARNING: 11111111111111
2020-06-04 10:41:29 [root] WARNING: 11111111111111
2020-06-04 10:41:38 [root] WARNING: 11111111111111
2020-06-04 10:41:42 [root] WARNING: 11111111111111
2020-06-04 10:41:51 [root] WARNING: 11111111111111
2020-06-04 10:41:56 [root] WARNING: 11111111111111
2020-06-04 10:42:01 [root] WARNING: 11111111111111
2020-06-04 10:42:14 [root] WARNING: 11111111111111
2020-06-04 10:42:18 [root] WARNING: 11111111111111
2020-06-04 10:42:23 [root] WARNING: 11111111111111
2020-06-04 10:42:32 [root] WARNING: 11111111111111
2020-06-04 10:42:37 [root] WARNING: 11111111111111
2020-06-04 10:42:41 [root] WARNING: 11111111111111
2020-06-04 10:42:50 [root] WARNING: 11111111111111
2020-06-04 10:43:03 [root] WARNING: 11111111111111
2020-06-04 10:43:20 [root] WARNING: 11111111111111
2020-06-04 10:43:24 [root] WARNING: 11111111111111
2020-06-04 10:43:43 [root] WARNING: 11111111111111
2020-06-04 10:44:03 [root] WARNING: 11111111111111
2020-06-04 10:44:12 [root] WARNING: 11111111111111
2020-06-04 10:44:17 [root] WARNING: 11111111111111
2020-06-04 10:44:26 [root] WARNING: 11111111111111
2020-06-04 10:44:30 [root] WARNING: 11111111111111
2020-06-04 10:44:35 [root] WARNING: 11111111111111
2020-06-04 10:44:48 [root] WARNING: 11111111111111
2020-06-04 10:44:53 [root] WARNING: 11111111111111
2020-06-04 10:44:58 [root] WARNING: 11111111111111
2020-06-04 10:45:07 [root] WARNING: 11111111111111
2020-06-04 10:45:11 [root] WARNING: 11111111111111
2020-06-04 10:45:16 [root] WARNING: 11111111111111
2020-06-04 10:45:25 [root] WARNING: 11111111111111
2020-06-04 10:45:38 [root] WARNING: 11111111111111
2020-06-04 10:45:55 [root] WARNING: 11111111111111
2020-06-04 10:45:59 [root] WARNING: 11111111111111
2020-06-04 10:46:17 [root] WARNING: 11111111111111
2020-06-04 10:46:42 [root] WARNING: 11111111111111
2020-06-04 10:46:48 [root] WARNING: 11111111111111
2020-06-04 10:46:56 [root] WARNING: 11111111111111
2020-06-04 10:47:04 [root] WARNING: 11111111111111
2020-06-04 10:47:09 [root] WARNING: 11111111111111
2020-06-04 10:47:14 [root] WARNING: 11111111111111
2020-06-04 10:47:28 [root] WARNING: 11111111111111
2020-06-04 10:47:36 [root] WARNING: 11111111111111
2020-06-04 10:47:41 [root] WARNING: 11111111111111
2020-06-04 10:47:50 [root] WARNING: 11111111111111
2020-06-04 10:47:59 [root] WARNING: 11111111111111
2020-06-04 10:48:04 [root] WARNING: 11111111111111
2020-06-04 10:48:09 [root] WARNING: 11111111111111
2020-06-04 10:48:22 [root] WARNING: 11111111111111
2020-06-04 10:48:40 [root] WARNING: 11111111111111
2020-06-04 10:48:45 [root] WARNING: 11111111111111
2020-06-04 10:49:02 [root] WARNING: 11111111111111
2020-06-04 10:49:12 [root] WARNING: 11111111111111
2020-06-04 10:49:29 [root] WARNING: 11111111111111
2020-06-04 10:49:41 [root] WARNING: 11111111111111
2020-06-04 10:49:46 [root] WARNING: 11111111111111
2020-06-04 10:49:51 [root] WARNING: 11111111111111
2020-06-04 10:50:05 [root] WARNING: 11111111111111
2020-06-04 10:50:05 [root] WARNING: 湖北华中输变电有限公司铁塔分公司    没有股东信息
2020-06-04 10:50:13 [root] WARNING: 11111111111111
2020-06-04 10:50:13 [root] WARNING: 11111111111111
2020-06-04 10:50:17 [root] WARNING: 11111111111111
2020-06-04 10:50:29 [root] WARNING: 11111111111111
2020-06-04 10:50:34 [root] WARNING: 11111111111111
2020-06-04 10:50:38 [root] WARNING: 11111111111111
2020-06-04 10:50:44 [root] WARNING: 11111111111111
2020-06-04 10:50:57 [root] WARNING: 11111111111111
2020-06-04 10:51:10 [root] WARNING: 11111111111111
2020-06-04 10:51:20 [root] WARNING: 11111111111111
2020-06-04 10:51:44 [root] WARNING: 11111111111111
2020-06-04 10:51:50 [root] WARNING: 11111111111111
2020-06-04 10:52:10 [root] WARNING: 11111111111111
2020-06-04 10:52:15 [root] WARNING: 11111111111111
2020-06-04 10:52:24 [root] WARNING: 11111111111111
2020-06-04 10:52:29 [root] WARNING: 11111111111111
2020-06-04 10:52:38 [root] WARNING: 11111111111111
2020-06-04 10:52:47 [root] WARNING: 11111111111111
2020-06-04 10:52:52 [root] WARNING: 11111111111111
2020-06-04 10:53:01 [root] WARNING: 11111111111111
2020-06-04 10:53:06 [root] WARNING: 11111111111111
2020-06-04 10:53:15 [root] WARNING: 11111111111111
2020-06-04 10:53:20 [root] WARNING: 11111111111111
2020-06-04 10:53:25 [root] WARNING: 11111111111111
2020-06-04 10:53:38 [root] WARNING: 11111111111111
2020-06-04 10:53:51 [root] WARNING: 11111111111111
2020-06-04 10:54:00 [root] WARNING: 11111111111111
2020-06-04 10:54:12 [root] WARNING: 11111111111111
2020-06-04 10:54:26 [root] WARNING: 11111111111111
2020-06-04 10:54:44 [root] WARNING: 11111111111111
2020-06-04 10:54:51 [root] WARNING: 11111111111111
2020-06-04 10:55:00 [root] WARNING: 11111111111111
2020-06-04 10:55:05 [root] WARNING: 11111111111111
2020-06-04 10:55:14 [root] WARNING: 11111111111111
2020-06-04 10:55:23 [root] WARNING: 11111111111111
2020-06-04 10:55:28 [root] WARNING: 11111111111111
2020-06-04 10:55:37 [root] WARNING: 11111111111111
2020-06-04 10:55:42 [root] WARNING: 11111111111111
2020-06-04 10:55:50 [root] WARNING: 11111111111111
2020-06-04 10:55:55 [root] WARNING: 11111111111111
2020-06-04 10:56:00 [root] WARNING: 11111111111111
2020-06-04 10:56:13 [root] WARNING: 11111111111111
2020-06-04 10:56:27 [root] WARNING: 11111111111111
2020-06-04 10:56:39 [root] WARNING: 11111111111111
2020-06-04 10:56:52 [root] WARNING: 11111111111111
2020-06-04 10:57:05 [root] WARNING: 11111111111111
2020-06-04 10:57:22 [root] WARNING: 11111111111111
2020-06-04 10:57:26 [root] WARNING: 11111111111111
2020-06-04 10:57:35 [root] WARNING: 11111111111111
2020-06-04 10:57:40 [root] WARNING: 11111111111111
2020-06-04 10:57:49 [root] WARNING: 11111111111111
2020-06-04 10:57:58 [root] WARNING: 11111111111111
2020-06-04 10:58:03 [root] WARNING: 11111111111111
2020-06-04 10:58:13 [root] WARNING: 11111111111111
2020-06-04 10:58:18 [root] WARNING: 11111111111111
2020-06-04 10:58:26 [root] WARNING: 11111111111111
2020-06-04 10:58:31 [root] WARNING: 11111111111111
2020-06-04 10:58:36 [root] WARNING: 11111111111111
2020-06-04 10:58:49 [root] WARNING: 11111111111111
2020-06-04 10:59:02 [root] WARNING: 11111111111111
2020-06-04 10:59:11 [root] WARNING: 11111111111111
2020-06-04 10:59:23 [root] WARNING: 11111111111111
2020-06-04 10:59:37 [root] WARNING: 11111111111111
2020-06-04 10:59:54 [root] WARNING: 11111111111111
2020-06-04 10:59:58 [root] WARNING: 11111111111111
2020-06-04 11:00:07 [root] WARNING: 11111111111111
2020-06-04 11:00:12 [root] WARNING: 11111111111111
2020-06-04 11:00:20 [root] WARNING: 11111111111111
2020-06-04 11:00:29 [root] WARNING: 11111111111111
2020-06-04 11:00:34 [root] WARNING: 11111111111111
2020-06-04 11:00:43 [root] WARNING: 11111111111111
2020-06-04 11:00:47 [root] WARNING: 11111111111111
2020-06-04 11:00:56 [root] WARNING: 11111111111111
2020-06-04 11:01:01 [root] WARNING: 11111111111111
2020-06-04 11:01:06 [root] WARNING: 11111111111111
2020-06-04 11:01:18 [root] WARNING: 11111111111111
2020-06-04 11:01:31 [root] WARNING: 11111111111111
2020-06-04 11:01:40 [root] WARNING: 11111111111111
2020-06-04 11:01:50 [root] WARNING: 11111111111111
2020-06-04 11:02:07 [root] WARNING: 11111111111111
2020-06-04 11:02:28 [root] WARNING: 11111111111111
2020-06-04 11:02:32 [root] WARNING: 11111111111111
2020-06-04 11:02:41 [root] WARNING: 11111111111111
2020-06-04 11:02:45 [root] WARNING: 11111111111111
2020-06-04 11:02:54 [root] WARNING: 11111111111111
2020-06-04 11:03:03 [root] WARNING: 11111111111111
2020-06-04 11:03:12 [root] WARNING: 11111111111111
2020-06-04 11:03:17 [root] WARNING: 11111111111111
2020-06-04 11:03:22 [root] WARNING: 11111111111111
2020-06-04 11:03:31 [root] WARNING: 11111111111111
2020-06-04 11:03:35 [root] WARNING: 11111111111111
2020-06-04 11:03:35 [root] WARNING: 北京送变电公司线路器材厂    没有股东信息
2020-06-04 11:03:40 [root] WARNING: 11111111111111
2020-06-04 11:03:53 [root] WARNING: 11111111111111
2020-06-04 11:04:06 [root] WARNING: 11111111111111
2020-06-04 11:04:14 [root] WARNING: 11111111111111
2020-06-04 11:04:23 [root] WARNING: 11111111111111
2020-06-04 11:04:40 [root] WARNING: 11111111111111
2020-06-04 11:04:57 [root] WARNING: 11111111111111
2020-06-04 11:05:02 [root] WARNING: 11111111111111
2020-06-04 11:05:10 [root] WARNING: 11111111111111
2020-06-04 11:05:15 [root] WARNING: 11111111111111
2020-06-04 11:05:24 [root] WARNING: 11111111111111
2020-06-04 11:05:32 [root] WARNING: 11111111111111
2020-06-04 11:05:41 [root] WARNING: 11111111111111
2020-06-04 11:05:46 [root] WARNING: 11111111111111
2020-06-04 11:05:50 [root] WARNING: 11111111111111
2020-06-04 11:05:59 [root] WARNING: 11111111111111
2020-06-04 11:06:00 [root] WARNING: 11111111111111
2020-06-04 11:06:04 [root] WARNING: 11111111111111
2020-06-04 11:06:18 [root] WARNING: 11111111111111
2020-06-04 11:06:30 [root] WARNING: 11111111111111
2020-06-04 11:06:38 [root] WARNING: 11111111111111
2020-06-04 11:06:48 [root] WARNING: 11111111111111
2020-06-04 11:07:05 [root] WARNING: 11111111111111
2020-06-04 11:07:09 [root] WARNING: 11111111111111
2020-06-04 11:07:13 [root] WARNING: 11111111111111
2020-06-04 11:07:17 [root] WARNING: 11111111111111
2020-06-04 11:07:21 [root] WARNING: 11111111111111
2020-06-04 11:07:26 [root] WARNING: 11111111111111
2020-06-04 11:07:29 [root] WARNING: 11111111111111
2020-06-04 11:07:34 [root] WARNING: 11111111111111
2020-06-04 11:07:38 [root] WARNING: 11111111111111
2020-06-04 11:07:42 [root] WARNING: 11111111111111
2020-06-04 18:01:41 [scrapy.downloadermiddlewares.retry] ERROR: Gave up retrying <GET https://www.qcc.com/search?key=%E4%B8%8A%E6%B5%B7%E8%A5%BF%E9%82%A6%E7%94%B5%E6%B0%94%E6%9C%89%E9%99%90%E5%85%AC%E5%8F%B8> (failed 3 times): [Errno 2] No such file or directory: '../proxiesip/proxies.txt'
2020-06-04 18:01:45 [scrapy.downloadermiddlewares.retry] ERROR: Gave up retrying <GET https://www.qcc.com/search?key=%E5%B9%BF%E4%B8%9C%E6%97%A5%E6%98%AD%E6%96%B0%E6%8A%80%E6%9C%AF%E5%BA%94%E7%94%A8%E6%9C%89%E9%99%90%E5%85%AC%E5%8F%B8> (failed 3 times): [Errno 2] No such file or directory: '../proxiesip/proxies.txt'
2020-06-04 18:01:49 [scrapy.core.scraper] ERROR: Error downloading <GET https://www.qcc.com/search?key=%E4%B8%8A%E6%B5%B7%E8%A5%BF%E9%82%A6%E7%94%B5%E6%B0%94%E6%9C%89%E9%99%90%E5%85%AC%E5%8F%B8>
Traceback (most recent call last):
  File "C:\Users\Administrator\Envs\myscrapy_py3\lib\site-packages\twisted\internet\defer.py", line 1418, in _inlineCallbacks
    result = g.send(result)
  File "C:\Users\Administrator\Envs\myscrapy_py3\lib\site-packages\scrapy\core\downloader\middleware.py", line 36, in process_request
    response = yield deferred_from_coro(method(request=request, spider=spider))
  File "D:\杨\qccscrapy\qichacha\qichacha\middlewares.py", line 24, in process_request
    proxy = self.get_random_proxy()
  File "D:\杨\qccscrapy\qichacha\qichacha\middlewares.py", line 42, in get_random_proxy
    with open('../proxiesip/proxies.txt', 'r') as f:
FileNotFoundError: [Errno 2] No such file or directory: '../proxiesip/proxies.txt'
2020-06-04 18:01:49 [scrapy.downloadermiddlewares.retry] ERROR: Gave up retrying <GET https://www.qcc.com/search?key=%E6%B7%B1%E5%9C%B3%E5%B8%82%E6%B2%83%E5%B0%94%E6%A0%B8%E6%9D%90%E8%82%A1%E4%BB%BD%E6%9C%89%E9%99%90%E5%85%AC%E5%8F%B8> (failed 3 times): [Errno 2] No such file or directory: '../proxiesip/proxies.txt'
2020-06-04 18:01:49 [scrapy.core.scraper] ERROR: Error downloading <GET https://www.qcc.com/search?key=%E5%B9%BF%E4%B8%9C%E6%97%A5%E6%98%AD%E6%96%B0%E6%8A%80%E6%9C%AF%E5%BA%94%E7%94%A8%E6%9C%89%E9%99%90%E5%85%AC%E5%8F%B8>
Traceback (most recent call last):
  File "C:\Users\Administrator\Envs\myscrapy_py3\lib\site-packages\twisted\internet\defer.py", line 1418, in _inlineCallbacks
    result = g.send(result)
  File "C:\Users\Administrator\Envs\myscrapy_py3\lib\site-packages\scrapy\core\downloader\middleware.py", line 36, in process_request
    response = yield deferred_from_coro(method(request=request, spider=spider))
  File "D:\杨\qccscrapy\qichacha\qichacha\middlewares.py", line 24, in process_request
    proxy = self.get_random_proxy()
  File "D:\杨\qccscrapy\qichacha\qichacha\middlewares.py", line 42, in get_random_proxy
    with open('../proxiesip/proxies.txt', 'r') as f:
FileNotFoundError: [Errno 2] No such file or directory: '../proxiesip/proxies.txt'
2020-06-04 18:01:49 [scrapy.core.scraper] ERROR: Error downloading <GET https://www.qcc.com/search?key=%E6%B7%B1%E5%9C%B3%E5%B8%82%E6%B2%83%E5%B0%94%E6%A0%B8%E6%9D%90%E8%82%A1%E4%BB%BD%E6%9C%89%E9%99%90%E5%85%AC%E5%8F%B8>
Traceback (most recent call last):
  File "C:\Users\Administrator\Envs\myscrapy_py3\lib\site-packages\twisted\internet\defer.py", line 1418, in _inlineCallbacks
    result = g.send(result)
  File "C:\Users\Administrator\Envs\myscrapy_py3\lib\site-packages\scrapy\core\downloader\middleware.py", line 36, in process_request
    response = yield deferred_from_coro(method(request=request, spider=spider))
  File "D:\杨\qccscrapy\qichacha\qichacha\middlewares.py", line 24, in process_request
    proxy = self.get_random_proxy()
  File "D:\杨\qccscrapy\qichacha\qichacha\middlewares.py", line 42, in get_random_proxy
    with open('../proxiesip/proxies.txt', 'r') as f:
FileNotFoundError: [Errno 2] No such file or directory: '../proxiesip/proxies.txt'
2020-06-04 18:03:34 [scrapy.downloadermiddlewares.retry] ERROR: Gave up retrying <GET https://www.qcc.com/search?key=%E6%B7%B1%E5%9C%B3%E5%B8%82%E6%B2%83%E5%B0%94%E6%A0%B8%E6%9D%90%E8%82%A1%E4%BB%BD%E6%9C%89%E9%99%90%E5%85%AC%E5%8F%B8> (failed 3 times): Connection was refused by other side: 10061: 由于目标计算机积极拒绝，无法连接。.
2020-06-04 18:03:34 [scrapy.core.scraper] ERROR: Error downloading <GET https://www.qcc.com/search?key=%E6%B7%B1%E5%9C%B3%E5%B8%82%E6%B2%83%E5%B0%94%E6%A0%B8%E6%9D%90%E8%82%A1%E4%BB%BD%E6%9C%89%E9%99%90%E5%85%AC%E5%8F%B8>
Traceback (most recent call last):
  File "C:\Users\Administrator\Envs\myscrapy_py3\lib\site-packages\scrapy\core\downloader\middleware.py", line 44, in process_request
    return (yield download_func(request=request, spider=spider))
twisted.internet.error.ConnectionRefusedError: Connection was refused by other side: 10061: 由于目标计算机积极拒绝，无法连接。.
2020-06-04 18:03:38 [scrapy.downloadermiddlewares.retry] ERROR: Gave up retrying <GET https://www.qcc.com/search?key=%E5%B9%BF%E4%B8%9C%E6%97%A5%E6%98%AD%E6%96%B0%E6%8A%80%E6%9C%AF%E5%BA%94%E7%94%A8%E6%9C%89%E9%99%90%E5%85%AC%E5%8F%B8> (failed 3 times): Connection was refused by other side: 10061: 由于目标计算机积极拒绝，无法连接。.
2020-06-04 18:03:39 [scrapy.core.scraper] ERROR: Error downloading <GET https://www.qcc.com/search?key=%E5%B9%BF%E4%B8%9C%E6%97%A5%E6%98%AD%E6%96%B0%E6%8A%80%E6%9C%AF%E5%BA%94%E7%94%A8%E6%9C%89%E9%99%90%E5%85%AC%E5%8F%B8>
Traceback (most recent call last):
  File "C:\Users\Administrator\Envs\myscrapy_py3\lib\site-packages\scrapy\core\downloader\middleware.py", line 44, in process_request
    return (yield download_func(request=request, spider=spider))
twisted.internet.error.ConnectionRefusedError: Connection was refused by other side: 10061: 由于目标计算机积极拒绝，无法连接。.
2020-06-04 18:03:48 [scrapy.downloadermiddlewares.retry] ERROR: Gave up retrying <GET https://www.qcc.com/search?key=%E4%B8%8A%E6%B5%B7%E8%A5%BF%E9%82%A6%E7%94%B5%E6%B0%94%E6%9C%89%E9%99%90%E5%85%AC%E5%8F%B8> (failed 3 times): Connection was refused by other side: 10061: 由于目标计算机积极拒绝，无法连接。.
2020-06-04 18:03:48 [scrapy.core.scraper] ERROR: Error downloading <GET https://www.qcc.com/search?key=%E4%B8%8A%E6%B5%B7%E8%A5%BF%E9%82%A6%E7%94%B5%E6%B0%94%E6%9C%89%E9%99%90%E5%85%AC%E5%8F%B8>
Traceback (most recent call last):
  File "C:\Users\Administrator\Envs\myscrapy_py3\lib\site-packages\scrapy\core\downloader\middleware.py", line 44, in process_request
    return (yield download_func(request=request, spider=spider))
twisted.internet.error.ConnectionRefusedError: Connection was refused by other side: 10061: 由于目标计算机积极拒绝，无法连接。.
2020-06-04 18:06:51 [root] WARNING: 11111111111111
2020-06-04 18:06:55 [root] WARNING: 11111111111111
2020-06-04 18:06:57 [root] WARNING: 11111111111111
